[ 50%] [32mBuilding CXX object CMakeFiles/comp_routine.dir/src/comp_routine.cpp.o[0m
[01m[K/root/ws_offboard_control/src/comp_routine/src/comp_routine.cpp:[m[K In member function â€˜[01m[Kvoid CompRoutine::publish_offboard_control_mode_dummy()[m[Kâ€™:
[01m[K/root/ws_offboard_control/src/comp_routine/src/comp_routine.cpp:156:2:[m[K [01;31m[Kerror: [m[Kâ€˜[01m[KVehicleRatesSetpoint[m[Kâ€™ was not declared in this scope
  156 |  [01;31m[KVehicleRatesSetpoint[m[K msg2{};
      |  [01;31m[K^~~~~~~~~~~~~~~~~~~~[m[K
[01m[K/root/ws_offboard_control/src/comp_routine/src/comp_routine.cpp:157:2:[m[K [01;31m[Kerror: [m[Kâ€˜[01m[Kmsg2[m[Kâ€™ was not declared in this scope; did you mean â€˜[01m[Kmsg[m[Kâ€™?
  157 |  [01;31m[Kmsg2[m[K.timestamp = this->get_clock()->now().nanoseconds() / 1000;
      |  [01;31m[K^~~~[m[K
      |  [32m[Kmsg[m[K
[01m[K/root/ws_offboard_control/src/comp_routine/src/comp_routine.cpp:[m[K In function â€˜[01m[Kvoid mySigintHandler(int)[m[Kâ€™:
[01m[K/root/ws_offboard_control/src/comp_routine/src/comp_routine.cpp:240:26:[m[K [01;35m[Kwarning: [m[Kunused parameter â€˜[01m[Ksig[m[Kâ€™ [[01;35m[K-Wunused-parameter[m[K]
  240 | void mySigintHandler([01;35m[Kint sig[m[K) {
      |                      [01;35m[K~~~~^~~[m[K
make[2]: *** [CMakeFiles/comp_routine.dir/build.make:76: CMakeFiles/comp_routine.dir/src/comp_routine.cpp.o] Error 1
make[1]: *** [CMakeFiles/Makefile2:137: CMakeFiles/comp_routine.dir/all] Error 2
make: *** [Makefile:146: all] Error 2
