[0.035s] Invoking command in '/root/ws_offboard_control/build/comp_routine': CMAKE_PREFIX_PATH=${CMAKE_PREFIX_PATH}:/opt/ros/foxy _=/usr/bin/env /usr/bin/cmake --build /root/ws_offboard_control/build/comp_routine -- -j8 -l8
[0.151s] [ 50%] [32mBuilding CXX object CMakeFiles/comp_routine.dir/src/comp_routine.cpp.o[0m
[1.762s] [01m[K/root/ws_offboard_control/src/comp_routine/src/comp_routine.cpp:[m[K In function â€˜[01m[Kvoid mySigintHandler(int)[m[Kâ€™:
[1.762s] [01m[K/root/ws_offboard_control/src/comp_routine/src/comp_routine.cpp:280:2:[m[K [01;31m[Kerror: [m[Kâ€˜[01m[Kpublish_attitude_setpoint[m[Kâ€™ was not declared in this scope
[1.763s]   280 |  [01;31m[Kpublish_attitude_setpoint[m[K(0.0, 0.0, 0.0, 0.0, 0.0, 0.0);
[1.763s]       |  [01;31m[K^~~~~~~~~~~~~~~~~~~~~~~~~[m[K
[3.773s] make[2]: *** [CMakeFiles/comp_routine.dir/build.make:76: CMakeFiles/comp_routine.dir/src/comp_routine.cpp.o] Error 1
[3.775s] make[1]: *** [CMakeFiles/Makefile2:137: CMakeFiles/comp_routine.dir/all] Error 2
[3.775s] make: *** [Makefile:146: all] Error 2
[3.785s] Invoked command in '/root/ws_offboard_control/build/comp_routine' returned '2': CMAKE_PREFIX_PATH=${CMAKE_PREFIX_PATH}:/opt/ros/foxy _=/usr/bin/env /usr/bin/cmake --build /root/ws_offboard_control/build/comp_routine -- -j8 -l8
