[0.027s] Invoking command in '/root/ws_offboard_control/build/comp_routine': CMAKE_PREFIX_PATH=${CMAKE_PREFIX_PATH}:/opt/ros/foxy _=/usr/bin/env /usr/bin/cmake --build /root/ws_offboard_control/build/comp_routine -- -j8 -l8
[0.147s] [ 50%] [32mBuilding CXX object CMakeFiles/comp_routine.dir/src/comp_routine.cpp.o[0m
[1.576s] [01m[K/root/ws_offboard_control/src/comp_routine/src/comp_routine.cpp:[m[K In lambda function:
[1.576s] [01m[K/root/ws_offboard_control/src/comp_routine/src/comp_routine.cpp:40:61:[m[K [01;31m[Kerror: [m[Kinvalid operands of types â€˜[01m[Kconst char*[m[Kâ€™ and â€˜[01m[Kconst char [1][m[Kâ€™ to binary â€˜[01m[Koperator+[m[Kâ€™
[1.577s]    40 |      std::cout << [32m[K"Counting: " + offboard_setpoint_counter_[m[K [01;31m[K+[m[K [34m[K""[m[K << std::endl;
[1.577s]       |                   [32m[K~~~~~~~~~~~~~~~~~~~~~~~~~~~~~~~~~~~~~~~~~[m[K [01;31m[K^[m[K [34m[K~~[m[K
[1.578s]       |                                [32m[K|[m[K                              [34m[K|[m[K
[1.578s]       |                                [32m[Kconst char*[m[K                    [34m[Kconst char [1][m[K
[2.766s] make[2]: *** [CMakeFiles/comp_routine.dir/build.make:76: CMakeFiles/comp_routine.dir/src/comp_routine.cpp.o] Error 1
[2.768s] make[1]: *** [CMakeFiles/Makefile2:137: CMakeFiles/comp_routine.dir/all] Error 2
[2.769s] make: *** [Makefile:146: all] Error 2
[2.774s] Invoked command in '/root/ws_offboard_control/build/comp_routine' returned '2': CMAKE_PREFIX_PATH=${CMAKE_PREFIX_PATH}:/opt/ros/foxy _=/usr/bin/env /usr/bin/cmake --build /root/ws_offboard_control/build/comp_routine -- -j8 -l8
