[ 50%] [32mBuilding CXX object CMakeFiles/comp_routine.dir/src/comp_routine.cpp.o[0m
[01m[K/root/ws_offboard_control/src/comp_routine/src/comp_routine.cpp:121:6:[m[K [01;31m[Kerror: [m[Kno declaration matches â€˜[01m[Kvoid CompRoutine::mySigintHandler(int)[m[Kâ€™
  121 | void [01;31m[KCompRoutine[m[K::mySigintHandler(int sig) {
      |      [01;31m[K^~~~~~~~~~~[m[K
[01m[K/root/ws_offboard_control/src/comp_routine/src/comp_routine.cpp:121:6:[m[K [01;36m[Knote: [m[Kno functions named â€˜[01m[Kvoid CompRoutine::mySigintHandler(int)[m[Kâ€™
[01m[K/root/ws_offboard_control/src/comp_routine/src/comp_routine.cpp:15:7:[m[K [01;36m[Knote: [m[Kâ€˜[01m[Kclass CompRoutine[m[Kâ€™ defined here
   15 | class [01;36m[KCompRoutine[m[K : public rclcpp::Node {
      |       [01;36m[K^~~~~~~~~~~[m[K
[01m[K/root/ws_offboard_control/src/comp_routine/src/comp_routine.cpp:[m[K In function â€˜[01m[Kint main(int, char**)[m[Kâ€™:
[01m[K/root/ws_offboard_control/src/comp_routine/src/comp_routine.cpp:208:17:[m[K [01;31m[Kerror: [m[Kâ€˜[01m[KmySigintHandler[m[Kâ€™ was not declared in this scope
  208 |  signal(SIGINT, [01;31m[KmySigintHandler[m[K);
      |                 [01;31m[K^~~~~~~~~~~~~~~[m[K
make[2]: *** [CMakeFiles/comp_routine.dir/build.make:76: CMakeFiles/comp_routine.dir/src/comp_routine.cpp.o] Error 1
make[1]: *** [CMakeFiles/Makefile2:137: CMakeFiles/comp_routine.dir/all] Error 2
make: *** [Makefile:146: all] Error 2
