[0.030s] Invoking command in '/root/ws_offboard_control/build/comp_routine': CMAKE_PREFIX_PATH=${CMAKE_PREFIX_PATH}:/opt/ros/foxy _=/usr/bin/env /usr/bin/cmake --build /root/ws_offboard_control/build/comp_routine -- -j8 -l8
[0.150s] [ 50%] [32mBuilding CXX object CMakeFiles/comp_routine.dir/src/comp_routine.cpp.o[0m
[1.610s] [01m[K/root/ws_offboard_control/src/comp_routine/src/comp_routine.cpp:[m[K In lambda function:
[1.610s] [01m[K/root/ws_offboard_control/src/comp_routine/src/comp_routine.cpp:67:13:[m[K [01;31m[Kerror: [m[Kâ€˜[01m[KTrue[m[Kâ€™ was not declared in this scope
[1.610s]    67 |      while ([01;31m[KTrue[m[K) {
[1.611s]       |             [01;31m[K^~~~[m[K
[1.626s] [01m[K/root/ws_offboard_control/src/comp_routine/src/comp_routine.cpp:[m[K At global scope:
[1.626s] [01m[K/root/ws_offboard_control/src/comp_routine/src/comp_routine.cpp:123:6:[m[K [01;31m[Kerror: [m[Kâ€˜[01m[KOffboardControl[m[Kâ€™ has not been declared
[1.627s]   123 | void [01;31m[KOffboardControl[m[K::ARM_publish_attitude_setpoint() {
[1.627s]       |      [01;31m[K^~~~~~~~~~~~~~~[m[K
[1.628s] [01m[K/root/ws_offboard_control/src/comp_routine/src/comp_routine.cpp:[m[K In function â€˜[01m[Kvoid ARM_publish_attitude_setpoint()[m[Kâ€™:
[1.628s] [01m[K/root/ws_offboard_control/src/comp_routine/src/comp_routine.cpp:127:25:[m[K [01;31m[Kerror: [m[Kinvalid use of â€˜[01m[Kthis[m[Kâ€™ in non-member function
[1.628s]   127 |         msg.timestamp = [01;31m[Kthis[m[K->get_clock()->now().nanoseconds() / 1000;
[1.629s]       |                         [01;31m[K^~~~[m[K
[1.631s] [01m[K/root/ws_offboard_control/src/comp_routine/src/comp_routine.cpp:151:2:[m[K [01;31m[Kerror: [m[Kâ€˜[01m[Kattitude_setpoint_publisher_[m[Kâ€™ was not declared in this scope
[1.632s]   151 |  [01;31m[Kattitude_setpoint_publisher_[m[K->publish(msg);
[1.632s]       |  [01;31m[K^~~~~~~~~~~~~~~~~~~~~~~~~~~~[m[K
[2.832s] make[2]: *** [CMakeFiles/comp_routine.dir/build.make:76: CMakeFiles/comp_routine.dir/src/comp_routine.cpp.o] Error 1
[2.833s] make[1]: *** [CMakeFiles/Makefile2:137: CMakeFiles/comp_routine.dir/all] Error 2
[2.833s] make: *** [Makefile:146: all] Error 2
[2.838s] Invoked command in '/root/ws_offboard_control/build/comp_routine' returned '2': CMAKE_PREFIX_PATH=${CMAKE_PREFIX_PATH}:/opt/ros/foxy _=/usr/bin/env /usr/bin/cmake --build /root/ws_offboard_control/build/comp_routine -- -j8 -l8
