[ 50%] [32mBuilding CXX object CMakeFiles/comp_routine.dir/src/comp_routine.cpp.o[0m
[01m[K/root/ws_offboard_control/src/comp_routine/src/comp_routine.cpp:[m[K In destructor â€˜[01m[Kvirtual CompRoutine::~CompRoutine()[m[Kâ€™:
[01m[K/root/ws_offboard_control/src/comp_routine/src/comp_routine.cpp:132:4:[m[K [01;31m[Kerror: [m[Kâ€˜[01m[Ksleep[m[Kâ€™ was not declared in this scope
  132 |    [01;31m[Ksleep[m[K(10);
      |    [01;31m[K^~~~~[m[K
make[2]: *** [CMakeFiles/comp_routine.dir/build.make:76: CMakeFiles/comp_routine.dir/src/comp_routine.cpp.o] Error 1
make[1]: *** [CMakeFiles/Makefile2:137: CMakeFiles/comp_routine.dir/all] Error 2
make: *** [Makefile:146: all] Error 2
