[0.000000] (-) TimerEvent: {}
[0.001753] (comp_routine) JobQueued: {'identifier': 'comp_routine', 'dependencies': OrderedDict()}
[0.002371] (px4_msgs) JobQueued: {'identifier': 'px4_msgs', 'dependencies': OrderedDict()}
[0.002670] (px4_ros_com) JobQueued: {'identifier': 'px4_ros_com', 'dependencies': OrderedDict([('px4_msgs', '/root/ws_offboard_control/install/px4_msgs')])}
[0.002807] (px4_msgs) JobStarted: {'identifier': 'px4_msgs'}
[0.014442] (comp_routine) JobStarted: {'identifier': 'comp_routine'}
[0.024265] (px4_msgs) JobProgress: {'identifier': 'px4_msgs', 'progress': 'cmake'}
[0.025194] (px4_msgs) JobProgress: {'identifier': 'px4_msgs', 'progress': 'build'}
[0.026175] (px4_msgs) Command: {'cmd': ['/usr/bin/cmake', '--build', '/root/ws_offboard_control/build/px4_msgs', '--', '-j8', '-l8'], 'cwd': '/root/ws_offboard_control/build/px4_msgs', 'env': OrderedDict([('SHELL', '/bin/bash'), ('ROS_VERSION', '2'), ('ROS_PYTHON_VERSION', '3'), ('PWD', '/root/ws_offboard_control/build/px4_msgs'), ('LOGNAME', 'root'), ('XDG_SESSION_TYPE', 'tty'), ('ROS_LOG_DIR', '/root/ros2_logs'), ('MOTD_SHOWN', 'pam'), ('HOME', '/root'), ('LANG', 'C.UTF-8'), ('LS_COLORS', 'rs=0:di=01;34:ln=01;36:mh=00:pi=40;33:so=01;35:do=01;35:bd=40;33;01:cd=40;33;01:or=40;31;01:mi=00:su=37;41:sg=30;43:ca=30;41:tw=30;42:ow=34;42:st=37;44:ex=01;32:*.tar=01;31:*.tgz=01;31:*.arc=01;31:*.arj=01;31:*.taz=01;31:*.lha=01;31:*.lz4=01;31:*.lzh=01;31:*.lzma=01;31:*.tlz=01;31:*.txz=01;31:*.tzo=01;31:*.t7z=01;31:*.zip=01;31:*.z=01;31:*.dz=01;31:*.gz=01;31:*.lrz=01;31:*.lz=01;31:*.lzo=01;31:*.xz=01;31:*.zst=01;31:*.tzst=01;31:*.bz2=01;31:*.bz=01;31:*.tbz=01;31:*.tbz2=01;31:*.tz=01;31:*.deb=01;31:*.rpm=01;31:*.jar=01;31:*.war=01;31:*.ear=01;31:*.sar=01;31:*.rar=01;31:*.alz=01;31:*.ace=01;31:*.zoo=01;31:*.cpio=01;31:*.7z=01;31:*.rz=01;31:*.cab=01;31:*.wim=01;31:*.swm=01;31:*.dwm=01;31:*.esd=01;31:*.jpg=01;35:*.jpeg=01;35:*.mjpg=01;35:*.mjpeg=01;35:*.gif=01;35:*.bmp=01;35:*.pbm=01;35:*.pgm=01;35:*.ppm=01;35:*.tga=01;35:*.xbm=01;35:*.xpm=01;35:*.tif=01;35:*.tiff=01;35:*.png=01;35:*.svg=01;35:*.svgz=01;35:*.mng=01;35:*.pcx=01;35:*.mov=01;35:*.mpg=01;35:*.mpeg=01;35:*.m2v=01;35:*.mkv=01;35:*.webm=01;35:*.ogm=01;35:*.mp4=01;35:*.m4v=01;35:*.mp4v=01;35:*.vob=01;35:*.qt=01;35:*.nuv=01;35:*.wmv=01;35:*.asf=01;35:*.rm=01;35:*.rmvb=01;35:*.flc=01;35:*.avi=01;35:*.fli=01;35:*.flv=01;35:*.gl=01;35:*.dl=01;35:*.xcf=01;35:*.xwd=01;35:*.yuv=01;35:*.cgm=01;35:*.emf=01;35:*.ogv=01;35:*.ogx=01;35:*.aac=00;36:*.au=00;36:*.flac=00;36:*.m4a=00;36:*.mid=00;36:*.midi=00;36:*.mka=00;36:*.mp3=00;36:*.mpc=00;36:*.ogg=00;36:*.ra=00;36:*.wav=00;36:*.oga=00;36:*.opus=00;36:*.spx=00;36:*.xspf=00;36:'), ('AMENT_PREFIX_PATH', '/root/ws_offboard_control/install/px4_ros_com:/root/ws_offboard_control/install/px4_msgs:/root/ws_offboard_control/install/comp_routine:/opt/motovisio/ros_ws/install/px4_msgs:/opt/motovisio/ros_ws/install/micro_ros_setup:/opt/motovisio/ros_ws/install/micro_ros_agent:/opt/motovisio/ros_ws/install/micro_ros_msgs:/opt/ros/foxy'), ('CMAKE_PREFIX_PATH', '/root/ws_offboard_control/install/px4_ros_com:/root/ws_offboard_control/install/px4_msgs:/root/ws_offboard_control/install/comp_routine:/opt/motovisio/ros_ws/install/px4_msgs:/opt/motovisio/ros_ws/install/micro_ros_setup:/opt/motovisio/ros_ws/install/micro_ros_agent:/opt/motovisio/ros_ws/install/micro_ros_msgs:/opt/ros/foxy'), ('COLCON_PREFIX_PATH', '/root/ws_offboard_control/install:/opt/motovisio/ros_ws/install'), ('SSH_CONNECTION', '192.168.2.120 64401 192.168.2.2 22'), ('LESSCLOSE', '/usr/bin/lesspipe %s %s'), ('XDG_SESSION_CLASS', 'user'), ('PYTHONPATH', '/root/ws_offboard_control/install/px4_ros_com/lib/python3.8/site-packages:/root/ws_offboard_control/install/px4_msgs/lib/python3.8/site-packages:/opt/motovisio/ros_ws/install/px4_msgs/lib/python3.8/site-packages:/opt/motovisio/ros_ws/install/micro_ros_msgs/lib/python3.8/site-packages:/opt/ros/foxy/lib/python3.8/site-packages'), ('COLCON', '1'), ('TERM', 'xterm-256color'), ('LESSOPEN', '| /usr/bin/lesspipe %s'), ('USER', 'root'), ('SHLVL', '1'), ('XDG_SESSION_ID', '3'), ('LD_LIBRARY_PATH', '/root/ws_offboard_control/install/px4_ros_com/lib:/root/ws_offboard_control/install/px4_msgs/lib:/opt/motovisio/ros_ws/install/px4_msgs/lib:/opt/motovisio/ros_ws/install/micro_ros_agent/lib:/opt/motovisio/ros_ws/install/micro_ros_msgs/lib:/opt/ros/foxy/opt/yaml_cpp_vendor/lib:/opt/ros/foxy/lib/aarch64-linux-gnu:/opt/ros/foxy/lib'), ('XDG_RUNTIME_DIR', '/run/user/0'), ('ROS_LOCALHOST_ONLY', '0'), ('SSH_CLIENT', '192.168.2.120 64401 22'), ('PATH', '/opt/ros/foxy/bin:/root/.motovisio/bin/:/usr/local/sbin:/usr/local/bin:/usr/sbin:/usr/bin:/sbin:/bin:/usr/games:/usr/local/games:/snap/bin'), ('DBUS_SESSION_BUS_ADDRESS', 'unix:path=/run/user/0/bus'), ('SSH_TTY', '/dev/pts/0'), ('ROS_DISTRO', 'foxy'), ('OLDPWD', '/root'), ('_', '/usr/bin/env')]), 'shell': False}
[0.037717] (comp_routine) JobProgress: {'identifier': 'comp_routine', 'progress': 'cmake'}
[0.038562] (comp_routine) JobProgress: {'identifier': 'comp_routine', 'progress': 'build'}
[0.040909] (comp_routine) Command: {'cmd': ['/usr/bin/cmake', '--build', '/root/ws_offboard_control/build/comp_routine', '--', '-j8', '-l8'], 'cwd': '/root/ws_offboard_control/build/comp_routine', 'env': OrderedDict([('SHELL', '/bin/bash'), ('ROS_VERSION', '2'), ('ROS_PYTHON_VERSION', '3'), ('PWD', '/root/ws_offboard_control/build/comp_routine'), ('LOGNAME', 'root'), ('XDG_SESSION_TYPE', 'tty'), ('ROS_LOG_DIR', '/root/ros2_logs'), ('MOTD_SHOWN', 'pam'), ('HOME', '/root'), ('LANG', 'C.UTF-8'), ('LS_COLORS', 'rs=0:di=01;34:ln=01;36:mh=00:pi=40;33:so=01;35:do=01;35:bd=40;33;01:cd=40;33;01:or=40;31;01:mi=00:su=37;41:sg=30;43:ca=30;41:tw=30;42:ow=34;42:st=37;44:ex=01;32:*.tar=01;31:*.tgz=01;31:*.arc=01;31:*.arj=01;31:*.taz=01;31:*.lha=01;31:*.lz4=01;31:*.lzh=01;31:*.lzma=01;31:*.tlz=01;31:*.txz=01;31:*.tzo=01;31:*.t7z=01;31:*.zip=01;31:*.z=01;31:*.dz=01;31:*.gz=01;31:*.lrz=01;31:*.lz=01;31:*.lzo=01;31:*.xz=01;31:*.zst=01;31:*.tzst=01;31:*.bz2=01;31:*.bz=01;31:*.tbz=01;31:*.tbz2=01;31:*.tz=01;31:*.deb=01;31:*.rpm=01;31:*.jar=01;31:*.war=01;31:*.ear=01;31:*.sar=01;31:*.rar=01;31:*.alz=01;31:*.ace=01;31:*.zoo=01;31:*.cpio=01;31:*.7z=01;31:*.rz=01;31:*.cab=01;31:*.wim=01;31:*.swm=01;31:*.dwm=01;31:*.esd=01;31:*.jpg=01;35:*.jpeg=01;35:*.mjpg=01;35:*.mjpeg=01;35:*.gif=01;35:*.bmp=01;35:*.pbm=01;35:*.pgm=01;35:*.ppm=01;35:*.tga=01;35:*.xbm=01;35:*.xpm=01;35:*.tif=01;35:*.tiff=01;35:*.png=01;35:*.svg=01;35:*.svgz=01;35:*.mng=01;35:*.pcx=01;35:*.mov=01;35:*.mpg=01;35:*.mpeg=01;35:*.m2v=01;35:*.mkv=01;35:*.webm=01;35:*.ogm=01;35:*.mp4=01;35:*.m4v=01;35:*.mp4v=01;35:*.vob=01;35:*.qt=01;35:*.nuv=01;35:*.wmv=01;35:*.asf=01;35:*.rm=01;35:*.rmvb=01;35:*.flc=01;35:*.avi=01;35:*.fli=01;35:*.flv=01;35:*.gl=01;35:*.dl=01;35:*.xcf=01;35:*.xwd=01;35:*.yuv=01;35:*.cgm=01;35:*.emf=01;35:*.ogv=01;35:*.ogx=01;35:*.aac=00;36:*.au=00;36:*.flac=00;36:*.m4a=00;36:*.mid=00;36:*.midi=00;36:*.mka=00;36:*.mp3=00;36:*.mpc=00;36:*.ogg=00;36:*.ra=00;36:*.wav=00;36:*.oga=00;36:*.opus=00;36:*.spx=00;36:*.xspf=00;36:'), ('AMENT_PREFIX_PATH', '/root/ws_offboard_control/install/px4_ros_com:/root/ws_offboard_control/install/px4_msgs:/root/ws_offboard_control/install/comp_routine:/opt/motovisio/ros_ws/install/px4_msgs:/opt/motovisio/ros_ws/install/micro_ros_setup:/opt/motovisio/ros_ws/install/micro_ros_agent:/opt/motovisio/ros_ws/install/micro_ros_msgs:/opt/ros/foxy'), ('CMAKE_PREFIX_PATH', '/root/ws_offboard_control/install/px4_ros_com:/root/ws_offboard_control/install/px4_msgs:/root/ws_offboard_control/install/comp_routine:/opt/motovisio/ros_ws/install/px4_msgs:/opt/motovisio/ros_ws/install/micro_ros_setup:/opt/motovisio/ros_ws/install/micro_ros_agent:/opt/motovisio/ros_ws/install/micro_ros_msgs:/opt/ros/foxy'), ('COLCON_PREFIX_PATH', '/root/ws_offboard_control/install:/opt/motovisio/ros_ws/install'), ('SSH_CONNECTION', '192.168.2.120 64401 192.168.2.2 22'), ('LESSCLOSE', '/usr/bin/lesspipe %s %s'), ('XDG_SESSION_CLASS', 'user'), ('PYTHONPATH', '/root/ws_offboard_control/install/px4_ros_com/lib/python3.8/site-packages:/root/ws_offboard_control/install/px4_msgs/lib/python3.8/site-packages:/opt/motovisio/ros_ws/install/px4_msgs/lib/python3.8/site-packages:/opt/motovisio/ros_ws/install/micro_ros_msgs/lib/python3.8/site-packages:/opt/ros/foxy/lib/python3.8/site-packages'), ('COLCON', '1'), ('TERM', 'xterm-256color'), ('LESSOPEN', '| /usr/bin/lesspipe %s'), ('USER', 'root'), ('SHLVL', '1'), ('XDG_SESSION_ID', '3'), ('LD_LIBRARY_PATH', '/root/ws_offboard_control/install/px4_ros_com/lib:/root/ws_offboard_control/install/px4_msgs/lib:/opt/motovisio/ros_ws/install/px4_msgs/lib:/opt/motovisio/ros_ws/install/micro_ros_agent/lib:/opt/motovisio/ros_ws/install/micro_ros_msgs/lib:/opt/ros/foxy/opt/yaml_cpp_vendor/lib:/opt/ros/foxy/lib/aarch64-linux-gnu:/opt/ros/foxy/lib'), ('XDG_RUNTIME_DIR', '/run/user/0'), ('ROS_LOCALHOST_ONLY', '0'), ('SSH_CLIENT', '192.168.2.120 64401 22'), ('PATH', '/opt/ros/foxy/bin:/root/.motovisio/bin/:/usr/local/sbin:/usr/local/bin:/usr/sbin:/usr/bin:/sbin:/bin:/usr/games:/usr/local/games:/snap/bin'), ('DBUS_SESSION_BUS_ADDRESS', 'unix:path=/run/user/0/bus'), ('SSH_TTY', '/dev/pts/0'), ('ROS_DISTRO', 'foxy'), ('OLDPWD', '/root'), ('_', '/usr/bin/env')]), 'shell': False}
[0.099912] (-) TimerEvent: {}
[0.149670] (comp_routine) StdoutLine: {'line': b'[ 50%] \x1b[32mBuilding CXX object CMakeFiles/comp_routine.dir/src/comp_routine.cpp.o\x1b[0m\n'}
[0.200144] (-) TimerEvent: {}
[0.301172] (-) TimerEvent: {}
[0.402371] (-) TimerEvent: {}
[0.503373] (-) TimerEvent: {}
[0.604396] (-) TimerEvent: {}
[0.705572] (-) TimerEvent: {}
[0.801526] (px4_msgs) StdoutLine: {'line': b'[  0%] Built target px4_msgs__cpp\n'}
[0.805747] (-) TimerEvent: {}
[0.842625] (px4_msgs) StdoutLine: {'line': b'[ 12%] Built target px4_msgs__rosidl_generator_c\n'}
[0.905997] (-) TimerEvent: {}
[0.954725] (px4_msgs) StdoutLine: {'line': b'[ 25%] Built target px4_msgs__rosidl_typesupport_c\n'}
[0.967822] (px4_msgs) StdoutLine: {'line': b'[ 38%] Built target px4_msgs__rosidl_typesupport_introspection_cpp\n'}
[0.978161] (px4_msgs) StdoutLine: {'line': b'[ 51%] Built target px4_msgs__rosidl_typesupport_introspection_c\n'}
[0.981696] (px4_msgs) StdoutLine: {'line': b'[ 63%] Built target px4_msgs__rosidl_typesupport_fastrtps_cpp\n'}
[0.982564] (px4_msgs) StdoutLine: {'line': b'[ 75%] Built target px4_msgs__rosidl_typesupport_cpp\n'}
[1.006283] (-) TimerEvent: {}
[1.107296] (-) TimerEvent: {}
[1.149606] (px4_msgs) StdoutLine: {'line': b'[ 88%] Built target px4_msgs__rosidl_typesupport_fastrtps_c\n'}
[1.178076] (px4_msgs) StdoutLine: {'line': b'[ 88%] Built target px4_msgs\n'}
[1.207563] (-) TimerEvent: {}
[1.244513] (px4_msgs) StdoutLine: {'line': b'[ 88%] Built target px4_msgs__py\n'}
[1.307821] (-) TimerEvent: {}
[1.404915] (px4_msgs) StdoutLine: {'line': b'[100%] Built target px4_msgs__python\n'}
[1.407950] (-) TimerEvent: {}
[1.440474] (px4_msgs) StdoutLine: {'line': b'[100%] Built target px4_msgs__rosidl_typesupport_introspection_c__pyext\n'}
[1.450443] (px4_msgs) StdoutLine: {'line': b'[100%] Built target px4_msgs__rosidl_typesupport_fastrtps_c__pyext\n'}
[1.462184] (px4_msgs) StdoutLine: {'line': b'[100%] Built target px4_msgs__rosidl_typesupport_c__pyext\n'}
[1.486033] (px4_msgs) CommandEnded: {'returncode': 0}
[1.508287] (-) TimerEvent: {}
[1.609528] (-) TimerEvent: {}
[1.710638] (-) TimerEvent: {}
[1.811599] (-) TimerEvent: {}
[1.912837] (-) TimerEvent: {}
[2.013819] (-) TimerEvent: {}
[2.114887] (-) TimerEvent: {}
[2.215867] (-) TimerEvent: {}
[2.317452] (-) TimerEvent: {}
[2.418690] (-) TimerEvent: {}
[2.519575] (-) TimerEvent: {}
[2.620643] (-) TimerEvent: {}
[2.721520] (-) TimerEvent: {}
[2.822926] (-) TimerEvent: {}
[2.923956] (-) TimerEvent: {}
[3.025533] (-) TimerEvent: {}
[3.126418] (-) TimerEvent: {}
[3.227306] (-) TimerEvent: {}
[3.328454] (-) TimerEvent: {}
[3.429323] (-) TimerEvent: {}
[3.530239] (-) TimerEvent: {}
[3.631147] (-) TimerEvent: {}
[3.732273] (-) TimerEvent: {}
[3.833582] (-) TimerEvent: {}
[3.934778] (-) TimerEvent: {}
[4.036261] (-) TimerEvent: {}
[4.137355] (-) TimerEvent: {}
[4.238349] (-) TimerEvent: {}
[4.339229] (-) TimerEvent: {}
[4.440122] (-) TimerEvent: {}
[4.541032] (-) TimerEvent: {}
[4.642250] (-) TimerEvent: {}
[4.743125] (-) TimerEvent: {}
[4.844092] (-) TimerEvent: {}
[4.945639] (-) TimerEvent: {}
[5.046765] (-) TimerEvent: {}
[5.147735] (-) TimerEvent: {}
[5.248852] (-) TimerEvent: {}
[5.349745] (-) TimerEvent: {}
[5.450597] (-) TimerEvent: {}
[5.551455] (-) TimerEvent: {}
[5.652320] (-) TimerEvent: {}
[5.754159] (-) TimerEvent: {}
[5.855359] (-) TimerEvent: {}
[5.956199] (-) TimerEvent: {}
[6.057595] (-) TimerEvent: {}
[6.158564] (-) TimerEvent: {}
[6.259580] (-) TimerEvent: {}
[6.360560] (-) TimerEvent: {}
[6.462090] (-) TimerEvent: {}
[6.563008] (-) TimerEvent: {}
[6.608136] (comp_routine) StdoutLine: {'line': b'[100%] \x1b[32m\x1b[1mLinking CXX executable comp_routine\x1b[0m\n'}
[6.663231] (-) TimerEvent: {}
[6.764964] (-) TimerEvent: {}
[6.865820] (-) TimerEvent: {}
[6.958053] (comp_routine) StdoutLine: {'line': b'[100%] Built target comp_routine\n'}
[6.965995] (-) TimerEvent: {}
[6.976715] (comp_routine) CommandEnded: {'returncode': 0}
[7.050812] (comp_routine) JobProgress: {'identifier': 'comp_routine', 'progress': 'install'}
[7.066305] (-) TimerEvent: {}
[7.070887] (comp_routine) Command: {'cmd': ['/usr/bin/cmake', '--install', '/root/ws_offboard_control/build/comp_routine'], 'cwd': '/root/ws_offboard_control/build/comp_routine', 'env': OrderedDict([('SHELL', '/bin/bash'), ('ROS_VERSION', '2'), ('ROS_PYTHON_VERSION', '3'), ('PWD', '/root/ws_offboard_control/build/comp_routine'), ('LOGNAME', 'root'), ('XDG_SESSION_TYPE', 'tty'), ('ROS_LOG_DIR', '/root/ros2_logs'), ('MOTD_SHOWN', 'pam'), ('HOME', '/root'), ('LANG', 'C.UTF-8'), ('LS_COLORS', 'rs=0:di=01;34:ln=01;36:mh=00:pi=40;33:so=01;35:do=01;35:bd=40;33;01:cd=40;33;01:or=40;31;01:mi=00:su=37;41:sg=30;43:ca=30;41:tw=30;42:ow=34;42:st=37;44:ex=01;32:*.tar=01;31:*.tgz=01;31:*.arc=01;31:*.arj=01;31:*.taz=01;31:*.lha=01;31:*.lz4=01;31:*.lzh=01;31:*.lzma=01;31:*.tlz=01;31:*.txz=01;31:*.tzo=01;31:*.t7z=01;31:*.zip=01;31:*.z=01;31:*.dz=01;31:*.gz=01;31:*.lrz=01;31:*.lz=01;31:*.lzo=01;31:*.xz=01;31:*.zst=01;31:*.tzst=01;31:*.bz2=01;31:*.bz=01;31:*.tbz=01;31:*.tbz2=01;31:*.tz=01;31:*.deb=01;31:*.rpm=01;31:*.jar=01;31:*.war=01;31:*.ear=01;31:*.sar=01;31:*.rar=01;31:*.alz=01;31:*.ace=01;31:*.zoo=01;31:*.cpio=01;31:*.7z=01;31:*.rz=01;31:*.cab=01;31:*.wim=01;31:*.swm=01;31:*.dwm=01;31:*.esd=01;31:*.jpg=01;35:*.jpeg=01;35:*.mjpg=01;35:*.mjpeg=01;35:*.gif=01;35:*.bmp=01;35:*.pbm=01;35:*.pgm=01;35:*.ppm=01;35:*.tga=01;35:*.xbm=01;35:*.xpm=01;35:*.tif=01;35:*.tiff=01;35:*.png=01;35:*.svg=01;35:*.svgz=01;35:*.mng=01;35:*.pcx=01;35:*.mov=01;35:*.mpg=01;35:*.mpeg=01;35:*.m2v=01;35:*.mkv=01;35:*.webm=01;35:*.ogm=01;35:*.mp4=01;35:*.m4v=01;35:*.mp4v=01;35:*.vob=01;35:*.qt=01;35:*.nuv=01;35:*.wmv=01;35:*.asf=01;35:*.rm=01;35:*.rmvb=01;35:*.flc=01;35:*.avi=01;35:*.fli=01;35:*.flv=01;35:*.gl=01;35:*.dl=01;35:*.xcf=01;35:*.xwd=01;35:*.yuv=01;35:*.cgm=01;35:*.emf=01;35:*.ogv=01;35:*.ogx=01;35:*.aac=00;36:*.au=00;36:*.flac=00;36:*.m4a=00;36:*.mid=00;36:*.midi=00;36:*.mka=00;36:*.mp3=00;36:*.mpc=00;36:*.ogg=00;36:*.ra=00;36:*.wav=00;36:*.oga=00;36:*.opus=00;36:*.spx=00;36:*.xspf=00;36:'), ('AMENT_PREFIX_PATH', '/root/ws_offboard_control/install/px4_ros_com:/root/ws_offboard_control/install/px4_msgs:/root/ws_offboard_control/install/comp_routine:/opt/motovisio/ros_ws/install/px4_msgs:/opt/motovisio/ros_ws/install/micro_ros_setup:/opt/motovisio/ros_ws/install/micro_ros_agent:/opt/motovisio/ros_ws/install/micro_ros_msgs:/opt/ros/foxy'), ('CMAKE_PREFIX_PATH', '/root/ws_offboard_control/install/px4_ros_com:/root/ws_offboard_control/install/px4_msgs:/root/ws_offboard_control/install/comp_routine:/opt/motovisio/ros_ws/install/px4_msgs:/opt/motovisio/ros_ws/install/micro_ros_setup:/opt/motovisio/ros_ws/install/micro_ros_agent:/opt/motovisio/ros_ws/install/micro_ros_msgs:/opt/ros/foxy'), ('COLCON_PREFIX_PATH', '/root/ws_offboard_control/install:/opt/motovisio/ros_ws/install'), ('SSH_CONNECTION', '192.168.2.120 64401 192.168.2.2 22'), ('LESSCLOSE', '/usr/bin/lesspipe %s %s'), ('XDG_SESSION_CLASS', 'user'), ('PYTHONPATH', '/root/ws_offboard_control/install/px4_ros_com/lib/python3.8/site-packages:/root/ws_offboard_control/install/px4_msgs/lib/python3.8/site-packages:/opt/motovisio/ros_ws/install/px4_msgs/lib/python3.8/site-packages:/opt/motovisio/ros_ws/install/micro_ros_msgs/lib/python3.8/site-packages:/opt/ros/foxy/lib/python3.8/site-packages'), ('COLCON', '1'), ('TERM', 'xterm-256color'), ('LESSOPEN', '| /usr/bin/lesspipe %s'), ('USER', 'root'), ('SHLVL', '1'), ('XDG_SESSION_ID', '3'), ('LD_LIBRARY_PATH', '/root/ws_offboard_control/install/px4_ros_com/lib:/root/ws_offboard_control/install/px4_msgs/lib:/opt/motovisio/ros_ws/install/px4_msgs/lib:/opt/motovisio/ros_ws/install/micro_ros_agent/lib:/opt/motovisio/ros_ws/install/micro_ros_msgs/lib:/opt/ros/foxy/opt/yaml_cpp_vendor/lib:/opt/ros/foxy/lib/aarch64-linux-gnu:/opt/ros/foxy/lib'), ('XDG_RUNTIME_DIR', '/run/user/0'), ('ROS_LOCALHOST_ONLY', '0'), ('SSH_CLIENT', '192.168.2.120 64401 22'), ('PATH', '/opt/ros/foxy/bin:/root/.motovisio/bin/:/usr/local/sbin:/usr/local/bin:/usr/sbin:/usr/bin:/sbin:/bin:/usr/games:/usr/local/games:/snap/bin'), ('DBUS_SESSION_BUS_ADDRESS', 'unix:path=/run/user/0/bus'), ('SSH_TTY', '/dev/pts/0'), ('ROS_DISTRO', 'foxy'), ('OLDPWD', '/root'), ('_', '/usr/bin/env')]), 'shell': False}
[7.087761] (comp_routine) StdoutLine: {'line': b'-- Install configuration: ""\n'}
[7.089007] (comp_routine) StdoutLine: {'line': b'-- Installing: /root/ws_offboard_control/install/comp_routine/lib/comp_routine/comp_routine\n'}
[7.106192] (comp_routine) StdoutLine: {'line': b'-- Set non-toolchain portion of runtime path of "/root/ws_offboard_control/install/comp_routine/lib/comp_routine/comp_routine" to ""\n'}
[7.107304] (comp_routine) StdoutLine: {'line': b'-- Up-to-date: /root/ws_offboard_control/install/comp_routine/share/ament_index/resource_index/package_run_dependencies/comp_routine\n'}
[7.108528] (comp_routine) StdoutLine: {'line': b'-- Up-to-date: /root/ws_offboard_control/install/comp_routine/share/ament_index/resource_index/parent_prefix_path/comp_routine\n'}
[7.110607] (comp_routine) StdoutLine: {'line': b'-- Up-to-date: /root/ws_offboard_control/install/comp_routine/share/comp_routine/environment/ament_prefix_path.sh\n'}
[7.111669] (comp_routine) StdoutLine: {'line': b'-- Up-to-date: /root/ws_offboard_control/install/comp_routine/share/comp_routine/environment/ament_prefix_path.dsv\n'}
[7.114719] (comp_routine) StdoutLine: {'line': b'-- Up-to-date: /root/ws_offboard_control/install/comp_routine/share/comp_routine/environment/path.sh\n'}
[7.119976] (comp_routine) StdoutLine: {'line': b'-- Up-to-date: /root/ws_offboard_control/install/comp_routine/share/comp_routine/environment/path.dsv\n'}
[7.120975] (comp_routine) StdoutLine: {'line': b'-- Up-to-date: /root/ws_offboard_control/install/comp_routine/share/comp_routine/local_setup.bash\n'}
[7.121685] (comp_routine) StdoutLine: {'line': b'-- Up-to-date: /root/ws_offboard_control/install/comp_routine/share/comp_routine/local_setup.sh\n'}
[7.122457] (comp_routine) StdoutLine: {'line': b'-- Up-to-date: /root/ws_offboard_control/install/comp_routine/share/comp_routine/local_setup.zsh\n'}
[7.123073] (comp_routine) StdoutLine: {'line': b'-- Up-to-date: /root/ws_offboard_control/install/comp_routine/share/comp_routine/local_setup.dsv\n'}
[7.123666] (comp_routine) StdoutLine: {'line': b'-- Installing: /root/ws_offboard_control/install/comp_routine/share/comp_routine/package.dsv\n'}
[7.124410] (comp_routine) StdoutLine: {'line': b'-- Up-to-date: /root/ws_offboard_control/install/comp_routine/share/ament_index/resource_index/packages/comp_routine\n'}
[7.125230] (comp_routine) StdoutLine: {'line': b'-- Up-to-date: /root/ws_offboard_control/install/comp_routine/share/comp_routine/cmake/comp_routineConfig.cmake\n'}
[7.125911] (comp_routine) StdoutLine: {'line': b'-- Up-to-date: /root/ws_offboard_control/install/comp_routine/share/comp_routine/cmake/comp_routineConfig-version.cmake\n'}
[7.126339] (comp_routine) StdoutLine: {'line': b'-- Up-to-date: /root/ws_offboard_control/install/comp_routine/share/comp_routine/package.xml\n'}
[7.127616] (comp_routine) CommandEnded: {'returncode': 0}
[7.166554] (-) TimerEvent: {}
[7.260296] (comp_routine) JobEnded: {'identifier': 'comp_routine', 'rc': 0}
[7.266666] (-) TimerEvent: {}
[7.367380] (-) TimerEvent: {}
[7.468509] (-) TimerEvent: {}
[7.570229] (-) TimerEvent: {}
[7.671336] (-) TimerEvent: {}
[7.772549] (-) TimerEvent: {}
[7.873826] (-) TimerEvent: {}
[7.975102] (-) TimerEvent: {}
[8.076102] (-) TimerEvent: {}
[8.177132] (-) TimerEvent: {}
[8.278320] (-) TimerEvent: {}
[8.379488] (-) TimerEvent: {}
[8.480299] (-) TimerEvent: {}
[8.581200] (-) TimerEvent: {}
[8.682145] (-) TimerEvent: {}
[8.783354] (-) TimerEvent: {}
[8.884828] (-) TimerEvent: {}
[8.985959] (-) TimerEvent: {}
[9.087022] (-) TimerEvent: {}
[9.187876] (-) TimerEvent: {}
[9.288704] (-) TimerEvent: {}
[9.389544] (-) TimerEvent: {}
[9.490423] (-) TimerEvent: {}
[9.591504] (-) TimerEvent: {}
[9.692695] (-) TimerEvent: {}
[9.793750] (-) TimerEvent: {}
[9.894639] (-) TimerEvent: {}
[9.995830] (-) TimerEvent: {}
[10.097016] (-) TimerEvent: {}
[10.198132] (-) TimerEvent: {}
[10.299397] (-) TimerEvent: {}
[10.400736] (-) TimerEvent: {}
[10.501943] (-) TimerEvent: {}
[10.603260] (-) TimerEvent: {}
[10.704343] (-) TimerEvent: {}
[10.805736] (-) TimerEvent: {}
[10.906799] (-) TimerEvent: {}
[11.007877] (-) TimerEvent: {}
[11.108969] (-) TimerEvent: {}
[11.210119] (-) TimerEvent: {}
[11.311212] (-) TimerEvent: {}
[11.412338] (-) TimerEvent: {}
[11.513607] (-) TimerEvent: {}
[11.614804] (-) TimerEvent: {}
[11.716202] (-) TimerEvent: {}
[11.817326] (-) TimerEvent: {}
[11.918471] (-) TimerEvent: {}
[12.020211] (-) TimerEvent: {}
[12.121885] (-) TimerEvent: {}
[12.223198] (-) TimerEvent: {}
[12.324223] (-) TimerEvent: {}
[12.425195] (-) TimerEvent: {}
[12.526103] (-) TimerEvent: {}
[12.627197] (-) TimerEvent: {}
[12.728265] (-) TimerEvent: {}
[12.829405] (-) TimerEvent: {}
[12.930511] (-) TimerEvent: {}
[13.031831] (-) TimerEvent: {}
[13.132917] (-) TimerEvent: {}
[13.234024] (-) TimerEvent: {}
[13.335175] (-) TimerEvent: {}
[13.436284] (-) TimerEvent: {}
[13.537495] (-) TimerEvent: {}
[13.639152] (-) TimerEvent: {}
[13.740240] (-) TimerEvent: {}
[13.841324] (-) TimerEvent: {}
[13.942420] (-) TimerEvent: {}
[14.043599] (-) TimerEvent: {}
[14.144398] (-) TimerEvent: {}
[14.245454] (-) TimerEvent: {}
[14.346505] (-) TimerEvent: {}
[14.447701] (-) TimerEvent: {}
[14.548934] (-) TimerEvent: {}
[14.649937] (-) TimerEvent: {}
[14.751124] (-) TimerEvent: {}
[14.852290] (-) TimerEvent: {}
[14.953476] (-) TimerEvent: {}
[15.055253] (-) TimerEvent: {}
[15.120111] (px4_msgs) StderrLine: {'line': b'Traceback (most recent call last):\n  File "/usr/lib/python3/dist-packages/colcon_parallel_executor/executor/parallel.py", line 75, in execute\n    loop.run_until_complete(future)\n  File "/usr/lib/python3.8/asyncio/base_events.py", line 603, in run_until_complete\n    self.run_forever()\n  File "/usr/lib/python3.8/asyncio/base_events.py", line 570, in run_forever\n    self._run_once()\n  File "/usr/lib/python3.8/asyncio/base_events.py", line 1823, in _run_once\n    event_list = self._selector.select(timeout)\n  File "/usr/lib/python3.8/selectors.py", line 468, in select\n    fd_event_list = self._selector.poll(timeout, max_ev)\nKeyboardInterrupt\n\nDuring handling of the above exception, another exception occurred:\n\nTraceback (most recent call last):\n  File "/usr/lib/python3/dist-packages/colcon_core/executor/__init__.py", line 91, in __call__\n    rc = await self.task(*args, **kwargs)\n  File "/usr/lib/python3/dist-packages/colcon_core/task/__init__.py", line 93, in __call__\n    return await task_method(*args, **kwargs)\n  File "/usr/lib/python3/dist-packages/colcon_ros/task/ament_cmake/build.py", line 59, in build\n    rc = await extension.build(\n  File "/usr/lib/python3/dist-packages/colcon_cmake/task/cmake/build.py", line 110, in build\n    if await has_target(args.build_base, \'install\'):\n  File "/usr/lib/python3/dist-packages/colcon_cmake/task/cmake/__init__.py", line 57, in has_target\n    return target in await get_makefile_targets(path)\n  File "/usr/lib/python3/dist-packages/colcon_cmake/task/cmake/__init__.py", line 77, in get_makefile_targets\n    output = await check_output([\n  File "/usr/lib/python3/dist-packages/colcon_core/subprocess.py", line 129, in check_output\n    assert not rc, f\'Expected {args} to pass: {stderr_data}\'\nAssertionError: Expected [\'/usr/bin/cmake\', \'--build\', \'/root/ws_offboard_control/build/px4_msgs\', \'--target\', \'help\'] to pass: make: *** [Makefile:46019: help] Interrupt\n\n'}
[15.121367] (px4_msgs) JobEnded: {'identifier': 'px4_msgs', 'rc': 'SIGINT'}
[15.131811] (px4_ros_com) JobSkipped: {'identifier': 'px4_ros_com'}
[15.131953] (-) EventReactorShutdown: {}
