[0.000000] (-) TimerEvent: {}
[0.002569] (comp_routine) JobQueued: {'identifier': 'comp_routine', 'dependencies': OrderedDict()}
[0.002725] (px4_msgs) JobQueued: {'identifier': 'px4_msgs', 'dependencies': OrderedDict()}
[0.002846] (px4_ros_com) JobQueued: {'identifier': 'px4_ros_com', 'dependencies': OrderedDict([('px4_msgs', '/root/ws_offboard_control/install/px4_msgs')])}
[0.002988] (px4_msgs) JobStarted: {'identifier': 'px4_msgs'}
[0.026080] (comp_routine) JobStarted: {'identifier': 'comp_routine'}
[0.037259] (px4_msgs) JobProgress: {'identifier': 'px4_msgs', 'progress': 'cmake'}
[0.038172] (px4_msgs) JobProgress: {'identifier': 'px4_msgs', 'progress': 'build'}
[0.039465] (px4_msgs) Command: {'cmd': ['/usr/bin/cmake', '--build', '/root/ws_offboard_control/build/px4_msgs', '--', '-j8', '-l8'], 'cwd': '/root/ws_offboard_control/build/px4_msgs', 'env': OrderedDict([('SHELL', '/bin/bash'), ('ROS_VERSION', '2'), ('COLORTERM', 'truecolor'), ('TERM_PROGRAM_VERSION', '1.91.1'), ('ROS_PYTHON_VERSION', '3'), ('PWD', '/root/ws_offboard_control/build/px4_msgs'), ('LOGNAME', 'root'), ('XDG_SESSION_TYPE', 'tty'), ('VSCODE_GIT_ASKPASS_NODE', '/root/.vscode-server/cli/servers/Stable-f1e16e1e6214d7c44d078b1f0607b2388f29d729/server/node'), ('ROS_LOG_DIR', '/root/ros2_logs'), ('MOTD_SHOWN', 'pam'), ('HOME', '/root'), ('LANG', 'en_US.UTF-8'), ('LS_COLORS', 'rs=0:di=01;34:ln=01;36:mh=00:pi=40;33:so=01;35:do=01;35:bd=40;33;01:cd=40;33;01:or=40;31;01:mi=00:su=37;41:sg=30;43:ca=30;41:tw=30;42:ow=34;42:st=37;44:ex=01;32:*.tar=01;31:*.tgz=01;31:*.arc=01;31:*.arj=01;31:*.taz=01;31:*.lha=01;31:*.lz4=01;31:*.lzh=01;31:*.lzma=01;31:*.tlz=01;31:*.txz=01;31:*.tzo=01;31:*.t7z=01;31:*.zip=01;31:*.z=01;31:*.dz=01;31:*.gz=01;31:*.lrz=01;31:*.lz=01;31:*.lzo=01;31:*.xz=01;31:*.zst=01;31:*.tzst=01;31:*.bz2=01;31:*.bz=01;31:*.tbz=01;31:*.tbz2=01;31:*.tz=01;31:*.deb=01;31:*.rpm=01;31:*.jar=01;31:*.war=01;31:*.ear=01;31:*.sar=01;31:*.rar=01;31:*.alz=01;31:*.ace=01;31:*.zoo=01;31:*.cpio=01;31:*.7z=01;31:*.rz=01;31:*.cab=01;31:*.wim=01;31:*.swm=01;31:*.dwm=01;31:*.esd=01;31:*.jpg=01;35:*.jpeg=01;35:*.mjpg=01;35:*.mjpeg=01;35:*.gif=01;35:*.bmp=01;35:*.pbm=01;35:*.pgm=01;35:*.ppm=01;35:*.tga=01;35:*.xbm=01;35:*.xpm=01;35:*.tif=01;35:*.tiff=01;35:*.png=01;35:*.svg=01;35:*.svgz=01;35:*.mng=01;35:*.pcx=01;35:*.mov=01;35:*.mpg=01;35:*.mpeg=01;35:*.m2v=01;35:*.mkv=01;35:*.webm=01;35:*.ogm=01;35:*.mp4=01;35:*.m4v=01;35:*.mp4v=01;35:*.vob=01;35:*.qt=01;35:*.nuv=01;35:*.wmv=01;35:*.asf=01;35:*.rm=01;35:*.rmvb=01;35:*.flc=01;35:*.avi=01;35:*.fli=01;35:*.flv=01;35:*.gl=01;35:*.dl=01;35:*.xcf=01;35:*.xwd=01;35:*.yuv=01;35:*.cgm=01;35:*.emf=01;35:*.ogv=01;35:*.ogx=01;35:*.aac=00;36:*.au=00;36:*.flac=00;36:*.m4a=00;36:*.mid=00;36:*.midi=00;36:*.mka=00;36:*.mp3=00;36:*.mpc=00;36:*.ogg=00;36:*.ra=00;36:*.wav=00;36:*.oga=00;36:*.opus=00;36:*.spx=00;36:*.xspf=00;36:'), ('SSL_CERT_DIR', '/usr/lib/ssl/certs'), ('AMENT_PREFIX_PATH', '/root/ws_offboard_control/install/px4_ros_com:/root/ws_offboard_control/install/px4_msgs:/root/ws_offboard_control/install/comp_routine:/opt/motovisio/ros_ws/install/px4_msgs:/opt/motovisio/ros_ws/install/micro_ros_setup:/opt/motovisio/ros_ws/install/micro_ros_agent:/opt/motovisio/ros_ws/install/micro_ros_msgs:/opt/ros/foxy'), ('GIT_ASKPASS', '/root/.vscode-server/cli/servers/Stable-f1e16e1e6214d7c44d078b1f0607b2388f29d729/server/extensions/git/dist/askpass.sh'), ('CMAKE_PREFIX_PATH', '/root/ws_offboard_control/install/px4_ros_com:/root/ws_offboard_control/install/px4_msgs:/root/ws_offboard_control/install/comp_routine:/opt/motovisio/ros_ws/install/px4_msgs:/opt/motovisio/ros_ws/install/micro_ros_setup:/opt/motovisio/ros_ws/install/micro_ros_agent:/opt/motovisio/ros_ws/install/micro_ros_msgs:/opt/ros/foxy'), ('COLCON_PREFIX_PATH', '/root/ws_offboard_control/install:/opt/motovisio/ros_ws/install'), ('SSH_CONNECTION', '192.168.2.120 65096 192.168.2.2 22'), ('VSCODE_GIT_ASKPASS_EXTRA_ARGS', ''), ('LESSCLOSE', '/usr/bin/lesspipe %s %s'), ('XDG_SESSION_CLASS', 'user'), ('PYTHONPATH', '/root/ws_offboard_control/install/px4_ros_com/lib/python3.8/site-packages:/root/ws_offboard_control/install/px4_msgs/lib/python3.8/site-packages:/opt/motovisio/ros_ws/install/px4_msgs/lib/python3.8/site-packages:/opt/motovisio/ros_ws/install/micro_ros_msgs/lib/python3.8/site-packages:/opt/ros/foxy/lib/python3.8/site-packages'), ('COLCON', '1'), ('TERM', 'xterm-256color'), ('LESSOPEN', '| /usr/bin/lesspipe %s'), ('USER', 'root'), ('VSCODE_GIT_IPC_HANDLE', '/run/user/0/vscode-git-84e0a71231.sock'), ('SHLVL', '3'), ('XDG_SESSION_ID', '1'), ('LD_LIBRARY_PATH', '/root/ws_offboard_control/install/px4_ros_com/lib:/root/ws_offboard_control/install/px4_msgs/lib:/opt/motovisio/ros_ws/install/px4_msgs/lib:/opt/motovisio/ros_ws/install/micro_ros_agent/lib:/opt/motovisio/ros_ws/install/micro_ros_msgs/lib:/opt/ros/foxy/opt/yaml_cpp_vendor/lib:/opt/ros/foxy/lib/aarch64-linux-gnu:/opt/ros/foxy/lib'), ('LC_CTYPE', 'C.UTF-8'), ('XDG_RUNTIME_DIR', '/run/user/0'), ('SSL_CERT_FILE', '/usr/lib/ssl/certs/ca-certificates.crt'), ('ROS_LOCALHOST_ONLY', '0'), ('SSH_CLIENT', '192.168.2.120 65096 22'), ('VSCODE_GIT_ASKPASS_MAIN', '/root/.vscode-server/cli/servers/Stable-f1e16e1e6214d7c44d078b1f0607b2388f29d729/server/extensions/git/dist/askpass-main.js'), ('BROWSER', '/root/.vscode-server/cli/servers/Stable-f1e16e1e6214d7c44d078b1f0607b2388f29d729/server/bin/helpers/browser.sh'), ('PATH', '/root/.motovisio/bin/:/root/.vscode-server/cli/servers/Stable-f1e16e1e6214d7c44d078b1f0607b2388f29d729/server/bin/remote-cli:/opt/ros/foxy/bin:/root/.motovisio/bin/:/usr/local/sbin:/usr/local/bin:/usr/sbin:/usr/bin:/sbin:/bin:/usr/games:/usr/local/games:/snap/bin'), ('DBUS_SESSION_BUS_ADDRESS', 'unix:path=/run/user/0/bus'), ('ROS_DISTRO', 'foxy'), ('TERM_PROGRAM', 'vscode'), ('VSCODE_IPC_HOOK_CLI', '/run/user/0/vscode-ipc-4c0ffc84-e914-401a-9656-4550eeabbb3c.sock'), ('_', '/usr/bin/env')]), 'shell': False}
[0.055026] (comp_routine) JobProgress: {'identifier': 'comp_routine', 'progress': 'cmake'}
[0.057833] (comp_routine) JobProgress: {'identifier': 'comp_routine', 'progress': 'build'}
[0.058160] (comp_routine) Command: {'cmd': ['/usr/bin/cmake', '--build', '/root/ws_offboard_control/build/comp_routine', '--', '-j8', '-l8'], 'cwd': '/root/ws_offboard_control/build/comp_routine', 'env': OrderedDict([('SHELL', '/bin/bash'), ('ROS_VERSION', '2'), ('COLORTERM', 'truecolor'), ('TERM_PROGRAM_VERSION', '1.91.1'), ('ROS_PYTHON_VERSION', '3'), ('PWD', '/root/ws_offboard_control/build/comp_routine'), ('LOGNAME', 'root'), ('XDG_SESSION_TYPE', 'tty'), ('VSCODE_GIT_ASKPASS_NODE', '/root/.vscode-server/cli/servers/Stable-f1e16e1e6214d7c44d078b1f0607b2388f29d729/server/node'), ('ROS_LOG_DIR', '/root/ros2_logs'), ('MOTD_SHOWN', 'pam'), ('HOME', '/root'), ('LANG', 'en_US.UTF-8'), ('LS_COLORS', 'rs=0:di=01;34:ln=01;36:mh=00:pi=40;33:so=01;35:do=01;35:bd=40;33;01:cd=40;33;01:or=40;31;01:mi=00:su=37;41:sg=30;43:ca=30;41:tw=30;42:ow=34;42:st=37;44:ex=01;32:*.tar=01;31:*.tgz=01;31:*.arc=01;31:*.arj=01;31:*.taz=01;31:*.lha=01;31:*.lz4=01;31:*.lzh=01;31:*.lzma=01;31:*.tlz=01;31:*.txz=01;31:*.tzo=01;31:*.t7z=01;31:*.zip=01;31:*.z=01;31:*.dz=01;31:*.gz=01;31:*.lrz=01;31:*.lz=01;31:*.lzo=01;31:*.xz=01;31:*.zst=01;31:*.tzst=01;31:*.bz2=01;31:*.bz=01;31:*.tbz=01;31:*.tbz2=01;31:*.tz=01;31:*.deb=01;31:*.rpm=01;31:*.jar=01;31:*.war=01;31:*.ear=01;31:*.sar=01;31:*.rar=01;31:*.alz=01;31:*.ace=01;31:*.zoo=01;31:*.cpio=01;31:*.7z=01;31:*.rz=01;31:*.cab=01;31:*.wim=01;31:*.swm=01;31:*.dwm=01;31:*.esd=01;31:*.jpg=01;35:*.jpeg=01;35:*.mjpg=01;35:*.mjpeg=01;35:*.gif=01;35:*.bmp=01;35:*.pbm=01;35:*.pgm=01;35:*.ppm=01;35:*.tga=01;35:*.xbm=01;35:*.xpm=01;35:*.tif=01;35:*.tiff=01;35:*.png=01;35:*.svg=01;35:*.svgz=01;35:*.mng=01;35:*.pcx=01;35:*.mov=01;35:*.mpg=01;35:*.mpeg=01;35:*.m2v=01;35:*.mkv=01;35:*.webm=01;35:*.ogm=01;35:*.mp4=01;35:*.m4v=01;35:*.mp4v=01;35:*.vob=01;35:*.qt=01;35:*.nuv=01;35:*.wmv=01;35:*.asf=01;35:*.rm=01;35:*.rmvb=01;35:*.flc=01;35:*.avi=01;35:*.fli=01;35:*.flv=01;35:*.gl=01;35:*.dl=01;35:*.xcf=01;35:*.xwd=01;35:*.yuv=01;35:*.cgm=01;35:*.emf=01;35:*.ogv=01;35:*.ogx=01;35:*.aac=00;36:*.au=00;36:*.flac=00;36:*.m4a=00;36:*.mid=00;36:*.midi=00;36:*.mka=00;36:*.mp3=00;36:*.mpc=00;36:*.ogg=00;36:*.ra=00;36:*.wav=00;36:*.oga=00;36:*.opus=00;36:*.spx=00;36:*.xspf=00;36:'), ('SSL_CERT_DIR', '/usr/lib/ssl/certs'), ('AMENT_PREFIX_PATH', '/root/ws_offboard_control/install/px4_ros_com:/root/ws_offboard_control/install/px4_msgs:/root/ws_offboard_control/install/comp_routine:/opt/motovisio/ros_ws/install/px4_msgs:/opt/motovisio/ros_ws/install/micro_ros_setup:/opt/motovisio/ros_ws/install/micro_ros_agent:/opt/motovisio/ros_ws/install/micro_ros_msgs:/opt/ros/foxy'), ('GIT_ASKPASS', '/root/.vscode-server/cli/servers/Stable-f1e16e1e6214d7c44d078b1f0607b2388f29d729/server/extensions/git/dist/askpass.sh'), ('CMAKE_PREFIX_PATH', '/root/ws_offboard_control/install/px4_ros_com:/root/ws_offboard_control/install/px4_msgs:/root/ws_offboard_control/install/comp_routine:/opt/motovisio/ros_ws/install/px4_msgs:/opt/motovisio/ros_ws/install/micro_ros_setup:/opt/motovisio/ros_ws/install/micro_ros_agent:/opt/motovisio/ros_ws/install/micro_ros_msgs:/opt/ros/foxy'), ('COLCON_PREFIX_PATH', '/root/ws_offboard_control/install:/opt/motovisio/ros_ws/install'), ('SSH_CONNECTION', '192.168.2.120 65096 192.168.2.2 22'), ('VSCODE_GIT_ASKPASS_EXTRA_ARGS', ''), ('LESSCLOSE', '/usr/bin/lesspipe %s %s'), ('XDG_SESSION_CLASS', 'user'), ('PYTHONPATH', '/root/ws_offboard_control/install/px4_ros_com/lib/python3.8/site-packages:/root/ws_offboard_control/install/px4_msgs/lib/python3.8/site-packages:/opt/motovisio/ros_ws/install/px4_msgs/lib/python3.8/site-packages:/opt/motovisio/ros_ws/install/micro_ros_msgs/lib/python3.8/site-packages:/opt/ros/foxy/lib/python3.8/site-packages'), ('COLCON', '1'), ('TERM', 'xterm-256color'), ('LESSOPEN', '| /usr/bin/lesspipe %s'), ('USER', 'root'), ('VSCODE_GIT_IPC_HANDLE', '/run/user/0/vscode-git-84e0a71231.sock'), ('SHLVL', '3'), ('XDG_SESSION_ID', '1'), ('LD_LIBRARY_PATH', '/root/ws_offboard_control/install/px4_ros_com/lib:/root/ws_offboard_control/install/px4_msgs/lib:/opt/motovisio/ros_ws/install/px4_msgs/lib:/opt/motovisio/ros_ws/install/micro_ros_agent/lib:/opt/motovisio/ros_ws/install/micro_ros_msgs/lib:/opt/ros/foxy/opt/yaml_cpp_vendor/lib:/opt/ros/foxy/lib/aarch64-linux-gnu:/opt/ros/foxy/lib'), ('LC_CTYPE', 'C.UTF-8'), ('XDG_RUNTIME_DIR', '/run/user/0'), ('SSL_CERT_FILE', '/usr/lib/ssl/certs/ca-certificates.crt'), ('ROS_LOCALHOST_ONLY', '0'), ('SSH_CLIENT', '192.168.2.120 65096 22'), ('VSCODE_GIT_ASKPASS_MAIN', '/root/.vscode-server/cli/servers/Stable-f1e16e1e6214d7c44d078b1f0607b2388f29d729/server/extensions/git/dist/askpass-main.js'), ('BROWSER', '/root/.vscode-server/cli/servers/Stable-f1e16e1e6214d7c44d078b1f0607b2388f29d729/server/bin/helpers/browser.sh'), ('PATH', '/root/.motovisio/bin/:/root/.vscode-server/cli/servers/Stable-f1e16e1e6214d7c44d078b1f0607b2388f29d729/server/bin/remote-cli:/opt/ros/foxy/bin:/root/.motovisio/bin/:/usr/local/sbin:/usr/local/bin:/usr/sbin:/usr/bin:/sbin:/bin:/usr/games:/usr/local/games:/snap/bin'), ('DBUS_SESSION_BUS_ADDRESS', 'unix:path=/run/user/0/bus'), ('ROS_DISTRO', 'foxy'), ('TERM_PROGRAM', 'vscode'), ('VSCODE_IPC_HOOK_CLI', '/run/user/0/vscode-ipc-4c0ffc84-e914-401a-9656-4550eeabbb3c.sock'), ('_', '/usr/bin/env')]), 'shell': False}
[0.099937] (-) TimerEvent: {}
[0.180263] (comp_routine) StdoutLine: {'line': b'[ 50%] \x1b[32mBuilding CXX object CMakeFiles/comp_routine.dir/src/comp_routine.cpp.o\x1b[0m\n'}
[0.200149] (-) TimerEvent: {}
[0.301268] (-) TimerEvent: {}
[0.402275] (-) TimerEvent: {}
[0.503229] (-) TimerEvent: {}
[0.604173] (-) TimerEvent: {}
[0.705166] (-) TimerEvent: {}
[0.774670] (px4_msgs) StdoutLine: {'line': b'[  0%] Built target px4_msgs__cpp\n'}
[0.793728] (px4_msgs) StdoutLine: {'line': b'[ 12%] Built target px4_msgs__rosidl_generator_c\n'}
[0.805403] (-) TimerEvent: {}
[0.898555] (px4_msgs) StdoutLine: {'line': b'[ 25%] Built target px4_msgs__rosidl_typesupport_c\n'}
[0.905599] (-) TimerEvent: {}
[0.921911] (px4_msgs) StdoutLine: {'line': b'[ 38%] Built target px4_msgs__rosidl_typesupport_introspection_cpp\n'}
[0.927663] (px4_msgs) StdoutLine: {'line': b'[ 51%] Built target px4_msgs__rosidl_typesupport_introspection_c\n'}
[0.950006] (px4_msgs) StdoutLine: {'line': b'[ 63%] Built target px4_msgs__rosidl_typesupport_cpp\n'}
[0.969302] (px4_msgs) StdoutLine: {'line': b'[ 75%] Built target px4_msgs__rosidl_typesupport_fastrtps_cpp\n'}
[1.005840] (-) TimerEvent: {}
[1.106825] (-) TimerEvent: {}
[1.151844] (px4_msgs) StdoutLine: {'line': b'[ 88%] Built target px4_msgs__rosidl_typesupport_fastrtps_c\n'}
[1.182500] (px4_msgs) StdoutLine: {'line': b'[ 88%] Built target px4_msgs\n'}
[1.207263] (-) TimerEvent: {}
[1.262822] (px4_msgs) StdoutLine: {'line': b'[ 88%] Built target px4_msgs__py\n'}
[1.307507] (-) TimerEvent: {}
[1.408556] (-) TimerEvent: {}
[1.433452] (px4_msgs) StdoutLine: {'line': b'[100%] Built target px4_msgs__python\n'}
[1.486659] (px4_msgs) StdoutLine: {'line': b'[100%] Built target px4_msgs__rosidl_typesupport_c__pyext\n'}
[1.487412] (px4_msgs) StdoutLine: {'line': b'[100%] Built target px4_msgs__rosidl_typesupport_introspection_c__pyext\n'}
[1.491443] (px4_msgs) StdoutLine: {'line': b'[100%] Built target px4_msgs__rosidl_typesupport_fastrtps_c__pyext\n'}
[1.509185] (-) TimerEvent: {}
[1.512444] (px4_msgs) CommandEnded: {'returncode': 0}
[1.609511] (-) TimerEvent: {}
[1.709394] (comp_routine) StderrLine: {'line': b'\x1b[01m\x1b[K/root/ws_offboard_control/src/comp_routine/src/comp_routine.cpp:\x1b[m\x1b[K In function \xe2\x80\x98\x1b[01m\x1b[Kvoid mySigintHandler(int)\x1b[m\x1b[K\xe2\x80\x99:\n'}
[1.710264] (-) TimerEvent: {}
[1.710738] (comp_routine) StderrLine: {'line': b'\x1b[01m\x1b[K/root/ws_offboard_control/src/comp_routine/src/comp_routine.cpp:227:26:\x1b[m\x1b[K \x1b[01;35m\x1b[Kwarning: \x1b[m\x1b[Kunused parameter \xe2\x80\x98\x1b[01m\x1b[Ksig\x1b[m\x1b[K\xe2\x80\x99 [\x1b[01;35m\x1b[K-Wunused-parameter\x1b[m\x1b[K]\n'}
[1.711119] (comp_routine) StderrLine: {'line': b'  227 | void mySigintHandler(\x1b[01;35m\x1b[Kint sig\x1b[m\x1b[K) {\n'}
[1.711471] (comp_routine) StderrLine: {'line': b'      |                      \x1b[01;35m\x1b[K~~~~^~~\x1b[m\x1b[K\n'}
[1.810563] (-) TimerEvent: {}
[1.911543] (-) TimerEvent: {}
[2.012491] (-) TimerEvent: {}
[2.113513] (-) TimerEvent: {}
[2.214631] (-) TimerEvent: {}
[2.315564] (-) TimerEvent: {}
[2.416418] (-) TimerEvent: {}
[2.517455] (-) TimerEvent: {}
[2.618261] (-) TimerEvent: {}
[2.719112] (-) TimerEvent: {}
[2.819970] (-) TimerEvent: {}
[2.921191] (-) TimerEvent: {}
[3.022634] (-) TimerEvent: {}
[3.123479] (-) TimerEvent: {}
[3.224860] (-) TimerEvent: {}
[3.325680] (-) TimerEvent: {}
[3.426704] (-) TimerEvent: {}
[3.527494] (-) TimerEvent: {}
[3.628348] (-) TimerEvent: {}
[3.729768] (-) TimerEvent: {}
[3.830658] (-) TimerEvent: {}
[3.931768] (-) TimerEvent: {}
[4.032854] (-) TimerEvent: {}
[4.108232] (comp_routine) StdoutLine: {'line': b'[100%] \x1b[32m\x1b[1mLinking CXX executable comp_routine\x1b[0m\n'}
[4.133110] (-) TimerEvent: {}
[4.234927] (-) TimerEvent: {}
[4.335890] (-) TimerEvent: {}
[4.431722] (comp_routine) StdoutLine: {'line': b'[100%] Built target comp_routine\n'}
[4.435996] (-) TimerEvent: {}
[4.449092] (comp_routine) CommandEnded: {'returncode': 0}
[4.526653] (comp_routine) JobProgress: {'identifier': 'comp_routine', 'progress': 'install'}
[4.537155] (-) TimerEvent: {}
[4.548407] (comp_routine) Command: {'cmd': ['/usr/bin/cmake', '--install', '/root/ws_offboard_control/build/comp_routine'], 'cwd': '/root/ws_offboard_control/build/comp_routine', 'env': OrderedDict([('SHELL', '/bin/bash'), ('ROS_VERSION', '2'), ('COLORTERM', 'truecolor'), ('TERM_PROGRAM_VERSION', '1.91.1'), ('ROS_PYTHON_VERSION', '3'), ('PWD', '/root/ws_offboard_control/build/comp_routine'), ('LOGNAME', 'root'), ('XDG_SESSION_TYPE', 'tty'), ('VSCODE_GIT_ASKPASS_NODE', '/root/.vscode-server/cli/servers/Stable-f1e16e1e6214d7c44d078b1f0607b2388f29d729/server/node'), ('ROS_LOG_DIR', '/root/ros2_logs'), ('MOTD_SHOWN', 'pam'), ('HOME', '/root'), ('LANG', 'en_US.UTF-8'), ('LS_COLORS', 'rs=0:di=01;34:ln=01;36:mh=00:pi=40;33:so=01;35:do=01;35:bd=40;33;01:cd=40;33;01:or=40;31;01:mi=00:su=37;41:sg=30;43:ca=30;41:tw=30;42:ow=34;42:st=37;44:ex=01;32:*.tar=01;31:*.tgz=01;31:*.arc=01;31:*.arj=01;31:*.taz=01;31:*.lha=01;31:*.lz4=01;31:*.lzh=01;31:*.lzma=01;31:*.tlz=01;31:*.txz=01;31:*.tzo=01;31:*.t7z=01;31:*.zip=01;31:*.z=01;31:*.dz=01;31:*.gz=01;31:*.lrz=01;31:*.lz=01;31:*.lzo=01;31:*.xz=01;31:*.zst=01;31:*.tzst=01;31:*.bz2=01;31:*.bz=01;31:*.tbz=01;31:*.tbz2=01;31:*.tz=01;31:*.deb=01;31:*.rpm=01;31:*.jar=01;31:*.war=01;31:*.ear=01;31:*.sar=01;31:*.rar=01;31:*.alz=01;31:*.ace=01;31:*.zoo=01;31:*.cpio=01;31:*.7z=01;31:*.rz=01;31:*.cab=01;31:*.wim=01;31:*.swm=01;31:*.dwm=01;31:*.esd=01;31:*.jpg=01;35:*.jpeg=01;35:*.mjpg=01;35:*.mjpeg=01;35:*.gif=01;35:*.bmp=01;35:*.pbm=01;35:*.pgm=01;35:*.ppm=01;35:*.tga=01;35:*.xbm=01;35:*.xpm=01;35:*.tif=01;35:*.tiff=01;35:*.png=01;35:*.svg=01;35:*.svgz=01;35:*.mng=01;35:*.pcx=01;35:*.mov=01;35:*.mpg=01;35:*.mpeg=01;35:*.m2v=01;35:*.mkv=01;35:*.webm=01;35:*.ogm=01;35:*.mp4=01;35:*.m4v=01;35:*.mp4v=01;35:*.vob=01;35:*.qt=01;35:*.nuv=01;35:*.wmv=01;35:*.asf=01;35:*.rm=01;35:*.rmvb=01;35:*.flc=01;35:*.avi=01;35:*.fli=01;35:*.flv=01;35:*.gl=01;35:*.dl=01;35:*.xcf=01;35:*.xwd=01;35:*.yuv=01;35:*.cgm=01;35:*.emf=01;35:*.ogv=01;35:*.ogx=01;35:*.aac=00;36:*.au=00;36:*.flac=00;36:*.m4a=00;36:*.mid=00;36:*.midi=00;36:*.mka=00;36:*.mp3=00;36:*.mpc=00;36:*.ogg=00;36:*.ra=00;36:*.wav=00;36:*.oga=00;36:*.opus=00;36:*.spx=00;36:*.xspf=00;36:'), ('SSL_CERT_DIR', '/usr/lib/ssl/certs'), ('AMENT_PREFIX_PATH', '/root/ws_offboard_control/install/px4_ros_com:/root/ws_offboard_control/install/px4_msgs:/root/ws_offboard_control/install/comp_routine:/opt/motovisio/ros_ws/install/px4_msgs:/opt/motovisio/ros_ws/install/micro_ros_setup:/opt/motovisio/ros_ws/install/micro_ros_agent:/opt/motovisio/ros_ws/install/micro_ros_msgs:/opt/ros/foxy'), ('GIT_ASKPASS', '/root/.vscode-server/cli/servers/Stable-f1e16e1e6214d7c44d078b1f0607b2388f29d729/server/extensions/git/dist/askpass.sh'), ('CMAKE_PREFIX_PATH', '/root/ws_offboard_control/install/px4_ros_com:/root/ws_offboard_control/install/px4_msgs:/root/ws_offboard_control/install/comp_routine:/opt/motovisio/ros_ws/install/px4_msgs:/opt/motovisio/ros_ws/install/micro_ros_setup:/opt/motovisio/ros_ws/install/micro_ros_agent:/opt/motovisio/ros_ws/install/micro_ros_msgs:/opt/ros/foxy'), ('COLCON_PREFIX_PATH', '/root/ws_offboard_control/install:/opt/motovisio/ros_ws/install'), ('SSH_CONNECTION', '192.168.2.120 65096 192.168.2.2 22'), ('VSCODE_GIT_ASKPASS_EXTRA_ARGS', ''), ('LESSCLOSE', '/usr/bin/lesspipe %s %s'), ('XDG_SESSION_CLASS', 'user'), ('PYTHONPATH', '/root/ws_offboard_control/install/px4_ros_com/lib/python3.8/site-packages:/root/ws_offboard_control/install/px4_msgs/lib/python3.8/site-packages:/opt/motovisio/ros_ws/install/px4_msgs/lib/python3.8/site-packages:/opt/motovisio/ros_ws/install/micro_ros_msgs/lib/python3.8/site-packages:/opt/ros/foxy/lib/python3.8/site-packages'), ('COLCON', '1'), ('TERM', 'xterm-256color'), ('LESSOPEN', '| /usr/bin/lesspipe %s'), ('USER', 'root'), ('VSCODE_GIT_IPC_HANDLE', '/run/user/0/vscode-git-84e0a71231.sock'), ('SHLVL', '3'), ('XDG_SESSION_ID', '1'), ('LD_LIBRARY_PATH', '/root/ws_offboard_control/install/px4_ros_com/lib:/root/ws_offboard_control/install/px4_msgs/lib:/opt/motovisio/ros_ws/install/px4_msgs/lib:/opt/motovisio/ros_ws/install/micro_ros_agent/lib:/opt/motovisio/ros_ws/install/micro_ros_msgs/lib:/opt/ros/foxy/opt/yaml_cpp_vendor/lib:/opt/ros/foxy/lib/aarch64-linux-gnu:/opt/ros/foxy/lib'), ('LC_CTYPE', 'C.UTF-8'), ('XDG_RUNTIME_DIR', '/run/user/0'), ('SSL_CERT_FILE', '/usr/lib/ssl/certs/ca-certificates.crt'), ('ROS_LOCALHOST_ONLY', '0'), ('SSH_CLIENT', '192.168.2.120 65096 22'), ('VSCODE_GIT_ASKPASS_MAIN', '/root/.vscode-server/cli/servers/Stable-f1e16e1e6214d7c44d078b1f0607b2388f29d729/server/extensions/git/dist/askpass-main.js'), ('BROWSER', '/root/.vscode-server/cli/servers/Stable-f1e16e1e6214d7c44d078b1f0607b2388f29d729/server/bin/helpers/browser.sh'), ('PATH', '/root/.motovisio/bin/:/root/.vscode-server/cli/servers/Stable-f1e16e1e6214d7c44d078b1f0607b2388f29d729/server/bin/remote-cli:/opt/ros/foxy/bin:/root/.motovisio/bin/:/usr/local/sbin:/usr/local/bin:/usr/sbin:/usr/bin:/sbin:/bin:/usr/games:/usr/local/games:/snap/bin'), ('DBUS_SESSION_BUS_ADDRESS', 'unix:path=/run/user/0/bus'), ('ROS_DISTRO', 'foxy'), ('TERM_PROGRAM', 'vscode'), ('VSCODE_IPC_HOOK_CLI', '/run/user/0/vscode-ipc-4c0ffc84-e914-401a-9656-4550eeabbb3c.sock'), ('_', '/usr/bin/env')]), 'shell': False}
[4.568710] (comp_routine) StdoutLine: {'line': b'-- Install configuration: ""\n'}
[4.569975] (comp_routine) StdoutLine: {'line': b'-- Installing: /root/ws_offboard_control/install/comp_routine/lib/comp_routine/comp_routine\n'}
[4.576013] (comp_routine) StdoutLine: {'line': b'-- Set non-toolchain portion of runtime path of "/root/ws_offboard_control/install/comp_routine/lib/comp_routine/comp_routine" to ""\n'}
[4.576906] (comp_routine) StdoutLine: {'line': b'-- Up-to-date: /root/ws_offboard_control/install/comp_routine/share/ament_index/resource_index/package_run_dependencies/comp_routine\n'}
[4.578095] (comp_routine) StdoutLine: {'line': b'-- Up-to-date: /root/ws_offboard_control/install/comp_routine/share/ament_index/resource_index/parent_prefix_path/comp_routine\n'}
[4.578659] (comp_routine) StdoutLine: {'line': b'-- Up-to-date: /root/ws_offboard_control/install/comp_routine/share/comp_routine/environment/ament_prefix_path.sh\n'}
[4.580052] (comp_routine) StdoutLine: {'line': b'-- Up-to-date: /root/ws_offboard_control/install/comp_routine/share/comp_routine/environment/ament_prefix_path.dsv\n'}
[4.581140] (comp_routine) StdoutLine: {'line': b'-- Up-to-date: /root/ws_offboard_control/install/comp_routine/share/comp_routine/environment/path.sh\n'}
[4.581553] (comp_routine) StdoutLine: {'line': b'-- Up-to-date: /root/ws_offboard_control/install/comp_routine/share/comp_routine/environment/path.dsv\n'}
[4.581959] (comp_routine) StdoutLine: {'line': b'-- Up-to-date: /root/ws_offboard_control/install/comp_routine/share/comp_routine/local_setup.bash\n'}
[4.582319] (comp_routine) StdoutLine: {'line': b'-- Up-to-date: /root/ws_offboard_control/install/comp_routine/share/comp_routine/local_setup.sh\n'}
[4.582669] (comp_routine) StdoutLine: {'line': b'-- Up-to-date: /root/ws_offboard_control/install/comp_routine/share/comp_routine/local_setup.zsh\n'}
[4.583020] (comp_routine) StdoutLine: {'line': b'-- Up-to-date: /root/ws_offboard_control/install/comp_routine/share/comp_routine/local_setup.dsv\n'}
[4.583395] (comp_routine) StdoutLine: {'line': b'-- Installing: /root/ws_offboard_control/install/comp_routine/share/comp_routine/package.dsv\n'}
[4.583748] (comp_routine) StdoutLine: {'line': b'-- Up-to-date: /root/ws_offboard_control/install/comp_routine/share/ament_index/resource_index/packages/comp_routine\n'}
[4.584132] (comp_routine) StdoutLine: {'line': b'-- Up-to-date: /root/ws_offboard_control/install/comp_routine/share/comp_routine/cmake/comp_routineConfig.cmake\n'}
[4.584537] (comp_routine) StdoutLine: {'line': b'-- Up-to-date: /root/ws_offboard_control/install/comp_routine/share/comp_routine/cmake/comp_routineConfig-version.cmake\n'}
[4.584947] (comp_routine) StdoutLine: {'line': b'-- Up-to-date: /root/ws_offboard_control/install/comp_routine/share/comp_routine/package.xml\n'}
[4.587947] (comp_routine) CommandEnded: {'returncode': 0}
[4.637270] (-) TimerEvent: {}
[4.710439] (comp_routine) JobEnded: {'identifier': 'comp_routine', 'rc': 0}
[4.737492] (-) TimerEvent: {}
[4.838465] (-) TimerEvent: {}
[4.940107] (-) TimerEvent: {}
[5.041466] (-) TimerEvent: {}
[5.142610] (-) TimerEvent: {}
[5.243748] (-) TimerEvent: {}
[5.344903] (-) TimerEvent: {}
[5.446042] (-) TimerEvent: {}
[5.547244] (-) TimerEvent: {}
[5.648654] (-) TimerEvent: {}
[5.752768] (-) TimerEvent: {}
[5.854467] (-) TimerEvent: {}
[5.956108] (-) TimerEvent: {}
[6.057937] (-) TimerEvent: {}
[6.159014] (-) TimerEvent: {}
[6.260150] (-) TimerEvent: {}
[6.361993] (-) TimerEvent: {}
[6.463109] (-) TimerEvent: {}
[6.564470] (-) TimerEvent: {}
[6.665853] (-) TimerEvent: {}
[6.767207] (-) TimerEvent: {}
[6.868446] (-) TimerEvent: {}
[6.969573] (-) TimerEvent: {}
[7.070709] (-) TimerEvent: {}
[7.172155] (-) TimerEvent: {}
[7.273376] (-) TimerEvent: {}
[7.374625] (-) TimerEvent: {}
[7.475696] (-) TimerEvent: {}
[7.576813] (-) TimerEvent: {}
[7.677918] (-) TimerEvent: {}
[7.779592] (-) TimerEvent: {}
[7.880764] (-) TimerEvent: {}
[7.982300] (-) TimerEvent: {}
[8.068891] (px4_msgs) StderrLine: {'line': b'Traceback (most recent call last):\n  File "/usr/lib/python3/dist-packages/colcon_parallel_executor/executor/parallel.py", line 75, in execute\n    loop.run_until_complete(future)\n  File "/usr/lib/python3.8/asyncio/base_events.py", line 603, in run_until_complete\n    self.run_forever()\n  File "/usr/lib/python3.8/asyncio/base_events.py", line 570, in run_forever\n    self._run_once()\n  File "/usr/lib/python3.8/asyncio/base_events.py", line 1823, in _run_once\n    event_list = self._selector.select(timeout)\n  File "/usr/lib/python3.8/selectors.py", line 468, in select\n    fd_event_list = self._selector.poll(timeout, max_ev)\nKeyboardInterrupt\n\nDuring handling of the above exception, another exception occurred:\n\nTraceback (most recent call last):\n  File "/usr/lib/python3/dist-packages/colcon_core/executor/__init__.py", line 91, in __call__\n    rc = await self.task(*args, **kwargs)\n  File "/usr/lib/python3/dist-packages/colcon_core/task/__init__.py", line 93, in __call__\n    return await task_method(*args, **kwargs)\n  File "/usr/lib/python3/dist-packages/colcon_ros/task/ament_cmake/build.py", line 59, in build\n    rc = await extension.build(\n  File "/usr/lib/python3/dist-packages/colcon_cmake/task/cmake/build.py", line 110, in build\n    if await has_target(args.build_base, \'install\'):\n  File "/usr/lib/python3/dist-packages/colcon_cmake/task/cmake/__init__.py", line 57, in has_target\n    return target in await get_makefile_targets(path)\n  File "/usr/lib/python3/dist-packages/colcon_cmake/task/cmake/__init__.py", line 77, in get_makefile_targets\n    output = await check_output([\n  File "/usr/lib/python3/dist-packages/colcon_core/subprocess.py", line 129, in check_output\n    assert not rc, f\'Expected {args} to pass: {stderr_data}\'\nAssertionError: Expected [\'/usr/bin/cmake\', \'--build\', \'/root/ws_offboard_control/build/px4_msgs\', \'--target\', \'help\'] to pass: make: *** [Makefile:43967: help] Interrupt\n\n'}
[8.069900] (px4_msgs) JobEnded: {'identifier': 'px4_msgs', 'rc': 'SIGINT'}
[8.080743] (px4_ros_com) JobSkipped: {'identifier': 'px4_ros_com'}
[8.080886] (-) EventReactorShutdown: {}
