[0.030s] Invoking command in '/root/ws_offboard_control/build/comp_routine': CMAKE_PREFIX_PATH=${CMAKE_PREFIX_PATH}:/opt/ros/foxy _=/usr/bin/env /usr/bin/cmake --build /root/ws_offboard_control/build/comp_routine -- -j8 -l8
[0.146s] [ 50%] [32mBuilding CXX object CMakeFiles/comp_routine.dir/src/comp_routine.cpp.o[0m
[1.595s] [01m[K/root/ws_offboard_control/src/comp_routine/src/comp_routine.cpp:121:8:[m[K [01;31m[Kerror: [m[Kâ€˜[01m[Kvoid CompRoutine::mySigintHandler(int)[m[Kâ€™ cannot be overloaded with â€˜[01m[Kvoid CompRoutine::mySigintHandler(int)[m[Kâ€™
[1.596s]   121 |   void [01;31m[KmySigintHandler[m[K(int sig) {
[1.597s]       |        [01;31m[K^~~~~~~~~~~~~~~[m[K
[1.597s] [01m[K/root/ws_offboard_control/src/comp_routine/src/comp_routine.cpp:31:8:[m[K [01;36m[Knote: [m[Kprevious declaration â€˜[01m[Kvoid CompRoutine::mySigintHandler(int)[m[Kâ€™
[1.597s]    31 |   void [01;36m[KmySigintHandler[m[K(int sig);
[1.598s]       |        [01;36m[K^~~~~~~~~~~~~~~[m[K
[1.608s] [01m[K/root/ws_offboard_control/src/comp_routine/src/comp_routine.cpp:[m[K In member function â€˜[01m[Kvoid CompRoutine::mySigintHandler(int)[m[Kâ€™:
[1.608s] [01m[K/root/ws_offboard_control/src/comp_routine/src/comp_routine.cpp:123:4:[m[K [01;31m[Kerror: [m[Kâ€˜[01m[Kros[m[Kâ€™ has not been declared
[1.608s]   123 |    [01;31m[Kros[m[K::shutdown();
[1.609s]       |    [01;31m[K^~~[m[K
[1.609s] [01m[K/root/ws_offboard_control/src/comp_routine/src/comp_routine.cpp:121:28:[m[K [01;35m[Kwarning: [m[Kunused parameter â€˜[01m[Ksig[m[Kâ€™ [[01;35m[K-Wunused-parameter[m[K]
[1.610s]   121 |   void mySigintHandler([01;35m[Kint sig[m[K) {
[1.610s]       |                        [01;35m[K~~~~^~~[m[K
[1.635s] [01m[K/root/ws_offboard_control/src/comp_routine/src/comp_routine.cpp:[m[K In function â€˜[01m[Kint main(int, char**)[m[Kâ€™:
[1.636s] [01m[K/root/ws_offboard_control/src/comp_routine/src/comp_routine.cpp:210:17:[m[K [01;31m[Kerror: [m[Kâ€˜[01m[KmySigintHandler[m[Kâ€™ was not declared in this scope
[1.636s]   210 |  signal(SIGINT, [01;31m[KmySigintHandler[m[K);
[1.637s]       |                 [01;31m[K^~~~~~~~~~~~~~~[m[K
[2.823s] make[2]: *** [CMakeFiles/comp_routine.dir/build.make:76: CMakeFiles/comp_routine.dir/src/comp_routine.cpp.o] Error 1
[2.824s] make[1]: *** [CMakeFiles/Makefile2:137: CMakeFiles/comp_routine.dir/all] Error 2
[2.825s] make: *** [Makefile:146: all] Error 2
[2.830s] Invoked command in '/root/ws_offboard_control/build/comp_routine' returned '2': CMAKE_PREFIX_PATH=${CMAKE_PREFIX_PATH}:/opt/ros/foxy _=/usr/bin/env /usr/bin/cmake --build /root/ws_offboard_control/build/comp_routine -- -j8 -l8
