[0.029s] Invoking command in '/root/ws_offboard_control/build/comp_routine': CMAKE_PREFIX_PATH=${CMAKE_PREFIX_PATH}:/opt/ros/foxy _=/usr/bin/env /usr/bin/cmake --build /root/ws_offboard_control/build/comp_routine -- -j8 -l8
[0.138s] [ 50%] [32mBuilding CXX object CMakeFiles/comp_routine.dir/src/comp_routine.cpp.o[0m
[1.613s] [01m[K/root/ws_offboard_control/src/comp_routine/src/comp_routine.cpp:46:3:[m[K [01;31m[Kerror: [m[Knon-static data member declared with placeholder â€˜[01m[Kauto[m[Kâ€™
[1.613s]    46 |   [01;31m[Kauto[m[K timer_callback = [this]() -> void {
[1.614s]       |   [01;31m[K^~~~[m[K
[1.626s] [01m[K/root/ws_offboard_control/src/comp_routine/src/comp_routine.cpp:124:6:[m[K [01;31m[Kerror: [m[Kâ€˜[01m[KOffboardControl[m[Kâ€™ has not been declared
[1.627s]   124 | void [01;31m[KOffboardControl[m[K::ARM_publish_attitude_setpoint() {
[1.627s]       |      [01;31m[K^~~~~~~~~~~~~~~[m[K
[1.628s] [01m[K/root/ws_offboard_control/src/comp_routine/src/comp_routine.cpp:[m[K In function â€˜[01m[Kvoid ARM_publish_attitude_setpoint()[m[Kâ€™:
[1.628s] [01m[K/root/ws_offboard_control/src/comp_routine/src/comp_routine.cpp:128:25:[m[K [01;31m[Kerror: [m[Kinvalid use of â€˜[01m[Kthis[m[Kâ€™ in non-member function
[1.628s]   128 |         msg.timestamp = [01;31m[Kthis[m[K->get_clock()->now().nanoseconds() / 1000;
[1.629s]       |                         [01;31m[K^~~~[m[K
[1.632s] [01m[K/root/ws_offboard_control/src/comp_routine/src/comp_routine.cpp:152:2:[m[K [01;31m[Kerror: [m[Kâ€˜[01m[Kattitude_setpoint_publisher_[m[Kâ€™ was not declared in this scope
[1.633s]   152 |  [01;31m[Kattitude_setpoint_publisher_[m[K->publish(msg);
[1.633s]       |  [01;31m[K^~~~~~~~~~~~~~~~~~~~~~~~~~~~[m[K
[2.861s] make[2]: *** [CMakeFiles/comp_routine.dir/build.make:76: CMakeFiles/comp_routine.dir/src/comp_routine.cpp.o] Error 1
[2.861s] make[1]: *** [CMakeFiles/Makefile2:137: CMakeFiles/comp_routine.dir/all] Error 2
[2.862s] make: *** [Makefile:146: all] Error 2
[2.868s] Invoked command in '/root/ws_offboard_control/build/comp_routine' returned '2': CMAKE_PREFIX_PATH=${CMAKE_PREFIX_PATH}:/opt/ros/foxy _=/usr/bin/env /usr/bin/cmake --build /root/ws_offboard_control/build/comp_routine -- -j8 -l8
