[0.047s] Invoking command in '/root/ws_offboard_control/build/px4_msgs': CMAKE_PREFIX_PATH=${CMAKE_PREFIX_PATH}:/opt/ros/foxy _=/usr/bin/env /usr/bin/cmake --build /root/ws_offboard_control/build/px4_msgs -- -j8 -l8
[0.772s] [  0%] Built target px4_msgs__cpp
[0.791s] [ 12%] Built target px4_msgs__rosidl_generator_c
[0.897s] [ 25%] Built target px4_msgs__rosidl_typesupport_c
[0.920s] [ 38%] Built target px4_msgs__rosidl_typesupport_introspection_cpp
[0.925s] [ 51%] Built target px4_msgs__rosidl_typesupport_introspection_c
[0.948s] [ 63%] Built target px4_msgs__rosidl_typesupport_cpp
[0.968s] [ 75%] Built target px4_msgs__rosidl_typesupport_fastrtps_cpp
[1.149s] [ 88%] Built target px4_msgs__rosidl_typesupport_fastrtps_c
[1.180s] [ 88%] Built target px4_msgs
[1.260s] [ 88%] Built target px4_msgs__py
[1.431s] [100%] Built target px4_msgs__python
[1.484s] [100%] Built target px4_msgs__rosidl_typesupport_c__pyext
[1.485s] [100%] Built target px4_msgs__rosidl_typesupport_introspection_c__pyext
[1.489s] [100%] Built target px4_msgs__rosidl_typesupport_fastrtps_c__pyext
[1.511s] Invoked command in '/root/ws_offboard_control/build/px4_msgs' returned '0': CMAKE_PREFIX_PATH=${CMAKE_PREFIX_PATH}:/opt/ros/foxy _=/usr/bin/env /usr/bin/cmake --build /root/ws_offboard_control/build/px4_msgs -- -j8 -l8
[8.067s] Traceback (most recent call last):
  File "/usr/lib/python3/dist-packages/colcon_parallel_executor/executor/parallel.py", line 75, in execute
    loop.run_until_complete(future)
  File "/usr/lib/python3.8/asyncio/base_events.py", line 603, in run_until_complete
    self.run_forever()
  File "/usr/lib/python3.8/asyncio/base_events.py", line 570, in run_forever
    self._run_once()
  File "/usr/lib/python3.8/asyncio/base_events.py", line 1823, in _run_once
    event_list = self._selector.select(timeout)
  File "/usr/lib/python3.8/selectors.py", line 468, in select
    fd_event_list = self._selector.poll(timeout, max_ev)
KeyboardInterrupt

During handling of the above exception, another exception occurred:

Traceback (most recent call last):
  File "/usr/lib/python3/dist-packages/colcon_core/executor/__init__.py", line 91, in __call__
    rc = await self.task(*args, **kwargs)
  File "/usr/lib/python3/dist-packages/colcon_core/task/__init__.py", line 93, in __call__
    return await task_method(*args, **kwargs)
  File "/usr/lib/python3/dist-packages/colcon_ros/task/ament_cmake/build.py", line 59, in build
    rc = await extension.build(
  File "/usr/lib/python3/dist-packages/colcon_cmake/task/cmake/build.py", line 110, in build
    if await has_target(args.build_base, 'install'):
  File "/usr/lib/python3/dist-packages/colcon_cmake/task/cmake/__init__.py", line 57, in has_target
    return target in await get_makefile_targets(path)
  File "/usr/lib/python3/dist-packages/colcon_cmake/task/cmake/__init__.py", line 77, in get_makefile_targets
    output = await check_output([
  File "/usr/lib/python3/dist-packages/colcon_core/subprocess.py", line 129, in check_output
    assert not rc, f'Expected {args} to pass: {stderr_data}'
AssertionError: Expected ['/usr/bin/cmake', '--build', '/root/ws_offboard_control/build/px4_msgs', '--target', 'help'] to pass: make: *** [Makefile:43967: help] Interrupt

