[0.030s] Invoking command in '/root/ws_offboard_control/build/comp_routine': CMAKE_PREFIX_PATH=${CMAKE_PREFIX_PATH}:/opt/ros/foxy _=/usr/bin/env /usr/bin/cmake --build /root/ws_offboard_control/build/comp_routine -- -j8 -l8
[0.231s] [ 50%] [32mBuilding CXX object CMakeFiles/comp_routine.dir/src/comp_routine.cpp.o[0m
[1.813s] [01m[K/root/ws_offboard_control/src/comp_routine/src/comp_routine.cpp:[m[K In member function â€˜[01m[Kvoid CompRoutine::mySigintHandler(int)[m[Kâ€™:
[1.813s] [01m[K/root/ws_offboard_control/src/comp_routine/src/comp_routine.cpp:122:4:[m[K [01;31m[Kerror: [m[Kâ€˜[01m[Kros[m[Kâ€™ has not been declared
[1.813s]   122 |    [01;31m[Kros[m[K::shutdown();
[1.814s]       |    [01;31m[K^~~[m[K
[1.814s] [01m[K/root/ws_offboard_control/src/comp_routine/src/comp_routine.cpp:120:28:[m[K [01;35m[Kwarning: [m[Kunused parameter â€˜[01m[Ksig[m[Kâ€™ [[01;35m[K-Wunused-parameter[m[K]
[1.814s]   120 |   void mySigintHandler([01;35m[Kint sig[m[K) {
[1.815s]       |                        [01;35m[K~~~~^~~[m[K
[1.841s] [01m[K/root/ws_offboard_control/src/comp_routine/src/comp_routine.cpp:[m[K In function â€˜[01m[Kint main(int, char**)[m[Kâ€™:
[1.841s] [01m[K/root/ws_offboard_control/src/comp_routine/src/comp_routine.cpp:209:17:[m[K [01;31m[Kerror: [m[Kâ€˜[01m[KmySigintHandler[m[Kâ€™ was not declared in this scope
[1.842s]   209 |  singal(SIGINT, [01;31m[KmySigintHandler[m[K);
[1.842s]       |                 [01;31m[K^~~~~~~~~~~~~~~[m[K
[1.842s] [01m[K/root/ws_offboard_control/src/comp_routine/src/comp_routine.cpp:209:2:[m[K [01;31m[Kerror: [m[Kâ€˜[01m[Ksingal[m[Kâ€™ was not declared in this scope; did you mean â€˜[01m[Ksignal[m[Kâ€™?
[1.843s]   209 |  [01;31m[Ksingal[m[K(SIGINT, mySigintHandler);
[1.843s]       |  [01;31m[K^~~~~~[m[K
[1.843s]       |  [32m[Ksignal[m[K
[3.020s] make[2]: *** [CMakeFiles/comp_routine.dir/build.make:76: CMakeFiles/comp_routine.dir/src/comp_routine.cpp.o] Error 1
[3.020s] make[1]: *** [CMakeFiles/Makefile2:137: CMakeFiles/comp_routine.dir/all] Error 2
[3.021s] make: *** [Makefile:146: all] Error 2
[3.029s] Invoked command in '/root/ws_offboard_control/build/comp_routine' returned '2': CMAKE_PREFIX_PATH=${CMAKE_PREFIX_PATH}:/opt/ros/foxy _=/usr/bin/env /usr/bin/cmake --build /root/ws_offboard_control/build/comp_routine -- -j8 -l8
