[01m[K/root/ws_offboard_control/src/px4_ros_com/src/examples/offboard/offboard_control.cpp:[m[K In constructor â€˜[01m[KOffboardControl::OffboardControl()[m[Kâ€™:
[01m[K/root/ws_offboard_control/src/px4_ros_com/src/examples/offboard/offboard_control.cpp:64:31:[m[K [01;31m[Kerror: [m[Kexpected â€˜[01m[K;[m[Kâ€™ before â€˜[01m[Kthis[m[Kâ€™
   64 |   attitude_setpoint_publisher_[01;31m[K [m[K[32m[Kthis[m[K->create_publisher<VehicleAttitudeSetpoint>("/fmu/in/vehicle_attitude_setpoint", 10);
      |                               [01;31m[K^[m[K[32m[K~~~~[m[K
      |                               [32m[K;[m[K
[01m[K/root/ws_offboard_control/src/px4_ros_com/src/examples/offboard/offboard_control.cpp:64:3:[m[K [01;35m[Kwarning: [m[Kstatement has no effect [[01;35m[K-Wunused-value[m[K]
   64 |   [01;35m[Kattitude_setpoint_publisher_[m[K this->create_publisher<VehicleAttitudeSetpoint>("/fmu/in/vehicle_attitude_setpoint", 10);
      |   [01;35m[K^~~~~~~~~~~~~~~~~~~~~~~~~~~~[m[K
[01m[K/root/ws_offboard_control/src/px4_ros_com/src/examples/offboard/offboard_control.cpp:[m[K In lambda function:
[01m[K/root/ws_offboard_control/src/px4_ros_com/src/examples/offboard/offboard_control.cpp:81:4:[m[K [01;31m[Kerror: [m[Kâ€˜[01m[Kpublish_attitude_control[m[Kâ€™ was not declared in this scope; did you mean â€˜[01m[Kpublish_attitude_setpoint[m[Kâ€™?
   81 |    [01;31m[Kpublish_attitude_control[m[K();
      |    [01;31m[K^~~~~~~~~~~~~~~~~~~~~~~~[m[K
      |    [32m[Kpublish_attitude_setpoint[m[K
make[2]: *** [CMakeFiles/offboard_control.dir/build.make:76: CMakeFiles/offboard_control.dir/src/examples/offboard/offboard_control.cpp.o] Error 1
make[1]: *** [CMakeFiles/Makefile2:251: CMakeFiles/offboard_control.dir/all] Error 2
make: *** [Makefile:146: all] Error 2
