[0.029s] Invoking command in '/root/ws_offboard_control/build/comp_routine': CMAKE_PREFIX_PATH=${CMAKE_PREFIX_PATH}:/opt/ros/foxy _=/usr/bin/env /usr/bin/cmake --build /root/ws_offboard_control/build/comp_routine -- -j8 -l8
[0.147s] [ 50%] [32mBuilding CXX object CMakeFiles/comp_routine.dir/src/comp_routine.cpp.o[0m
[1.655s] [01m[K/root/ws_offboard_control/src/comp_routine/src/comp_routine.cpp:[m[K In function â€˜[01m[Kvoid mySigintHandler(int)[m[Kâ€™:
[1.655s] [01m[K/root/ws_offboard_control/src/comp_routine/src/comp_routine.cpp:201:26:[m[K [01;35m[Kwarning: [m[Kunused parameter â€˜[01m[Ksig[m[Kâ€™ [[01;35m[K-Wunused-parameter[m[K]
[1.655s]   201 | void mySigintHandler([01;35m[Kint sig[m[K) {
[1.656s]       |                      [01;35m[K~~~~^~~[m[K
[1.656s] [01m[K/root/ws_offboard_control/src/comp_routine/src/comp_routine.cpp:[m[K In function â€˜[01m[Kint main(int, char**)[m[Kâ€™:
[1.657s] [01m[K/root/ws_offboard_control/src/comp_routine/src/comp_routine.cpp:209:2:[m[K [01;31m[Kerror: [m[Kâ€˜[01m[Ksingal[m[Kâ€™ was not declared in this scope; did you mean â€˜[01m[Ksignal[m[Kâ€™?
[1.657s]   209 |  [01;31m[Ksingal[m[K(SIGINT, mySigintHandler);
[1.658s]       |  [01;31m[K^~~~~~[m[K
[1.658s]       |  [32m[Ksignal[m[K
[2.857s] make[2]: *** [CMakeFiles/comp_routine.dir/build.make:76: CMakeFiles/comp_routine.dir/src/comp_routine.cpp.o] Error 1
[2.858s] make[1]: *** [CMakeFiles/Makefile2:137: CMakeFiles/comp_routine.dir/all] Error 2
[2.859s] make: *** [Makefile:146: all] Error 2
[2.866s] Invoked command in '/root/ws_offboard_control/build/comp_routine' returned '2': CMAKE_PREFIX_PATH=${CMAKE_PREFIX_PATH}:/opt/ros/foxy _=/usr/bin/env /usr/bin/cmake --build /root/ws_offboard_control/build/comp_routine -- -j8 -l8
