[01m[K/root/ws_offboard_control/src/comp_routine/src/comp_routine.cpp:[m[K In constructor â€˜[01m[KCompRoutine::CompRoutine()[m[Kâ€™:
[01m[K/root/ws_offboard_control/src/comp_routine/src/comp_routine.cpp:37:44:[m[K [01;31m[Kerror: [m[Kinvalid use of non-static member function â€˜[01m[Kvoid CompRoutine::loop()[m[Kâ€™
   37 |    timer_ = this->create_wall_timer(100ms, [01;31m[Kloop[m[K);
      |                                            [01;31m[K^~~~[m[K
[01m[K/root/ws_offboard_control/src/comp_routine/src/comp_routine.cpp:43:8:[m[K [01;36m[Knote: [m[Kdeclared here
   43 |   void [01;36m[Kloop[m[K() {
      |        [01;36m[K^~~~[m[K
make[2]: *** [CMakeFiles/comp_routine.dir/build.make:76: CMakeFiles/comp_routine.dir/src/comp_routine.cpp.o] Error 1
make[1]: *** [CMakeFiles/Makefile2:137: CMakeFiles/comp_routine.dir/all] Error 2
make: *** [Makefile:146: all] Error 2
